ARM GAS  C:\Users\Lenovo\AppData\Local\Temp\ccCzRT99.s 			page 1


   1              		.cpu cortex-m4
   2              		.arch armv7e-m
   3              		.fpu softvfp
   4              		.eabi_attribute 20, 1
   5              		.eabi_attribute 21, 1
   6              		.eabi_attribute 23, 3
   7              		.eabi_attribute 24, 1
   8              		.eabi_attribute 25, 1
   9              		.eabi_attribute 26, 1
  10              		.eabi_attribute 30, 1
  11              		.eabi_attribute 34, 1
  12              		.eabi_attribute 18, 4
  13              		.file	"app_freertos.c"
  14              		.text
  15              	.Ltext0:
  16              		.cfi_sections	.debug_frame
  17              		.section	.text.vApplicationGetIdleTaskMemory,"ax",%progbits
  18              		.align	1
  19              		.global	vApplicationGetIdleTaskMemory
  20              		.syntax unified
  21              		.thumb
  22              		.thumb_func
  24              	vApplicationGetIdleTaskMemory:
  25              	.LVL0:
  26              	.LFB849:
  27              		.file 1 "Core/Src/app_freertos.c"
   1:Core/Src/app_freertos.c **** /* USER CODE BEGIN Header */
   2:Core/Src/app_freertos.c **** /**
   3:Core/Src/app_freertos.c ****   ******************************************************************************
   4:Core/Src/app_freertos.c ****   * File Name          : app_freertos.c
   5:Core/Src/app_freertos.c ****   * Description        : Code for freertos applications
   6:Core/Src/app_freertos.c ****   ******************************************************************************
   7:Core/Src/app_freertos.c ****   * @attention
   8:Core/Src/app_freertos.c ****   *
   9:Core/Src/app_freertos.c ****   * Copyright (c) 2024 STMicroelectronics.
  10:Core/Src/app_freertos.c ****   * All rights reserved.
  11:Core/Src/app_freertos.c ****   *
  12:Core/Src/app_freertos.c ****   * This software is licensed under terms that can be found in the LICENSE file
  13:Core/Src/app_freertos.c ****   * in the root directory of this software component.
  14:Core/Src/app_freertos.c ****   * If no LICENSE file comes with this software, it is provided AS-IS.
  15:Core/Src/app_freertos.c ****   *
  16:Core/Src/app_freertos.c ****   ******************************************************************************
  17:Core/Src/app_freertos.c ****   */
  18:Core/Src/app_freertos.c **** /* USER CODE END Header */
  19:Core/Src/app_freertos.c **** 
  20:Core/Src/app_freertos.c **** /* Includes ------------------------------------------------------------------*/
  21:Core/Src/app_freertos.c **** #include "FreeRTOS.h"
  22:Core/Src/app_freertos.c **** #include "task.h"
  23:Core/Src/app_freertos.c **** #include "main.h"
  24:Core/Src/app_freertos.c **** 
  25:Core/Src/app_freertos.c **** /* Private includes ----------------------------------------------------------*/
  26:Core/Src/app_freertos.c **** /* USER CODE BEGIN Includes */
  27:Core/Src/app_freertos.c **** 
  28:Core/Src/app_freertos.c **** /* USER CODE END Includes */
  29:Core/Src/app_freertos.c **** 
  30:Core/Src/app_freertos.c **** /* Private typedef -----------------------------------------------------------*/
  31:Core/Src/app_freertos.c **** /* USER CODE BEGIN PTD */
ARM GAS  C:\Users\Lenovo\AppData\Local\Temp\ccCzRT99.s 			page 2


  32:Core/Src/app_freertos.c **** 
  33:Core/Src/app_freertos.c **** /* USER CODE END PTD */
  34:Core/Src/app_freertos.c **** 
  35:Core/Src/app_freertos.c **** /* Private define ------------------------------------------------------------*/
  36:Core/Src/app_freertos.c **** /* USER CODE BEGIN PD */
  37:Core/Src/app_freertos.c **** 
  38:Core/Src/app_freertos.c **** /* USER CODE END PD */
  39:Core/Src/app_freertos.c **** 
  40:Core/Src/app_freertos.c **** /* Private macro -------------------------------------------------------------*/
  41:Core/Src/app_freertos.c **** /* USER CODE BEGIN PM */
  42:Core/Src/app_freertos.c **** 
  43:Core/Src/app_freertos.c **** /* USER CODE END PM */
  44:Core/Src/app_freertos.c **** 
  45:Core/Src/app_freertos.c **** /* Private variables ---------------------------------------------------------*/
  46:Core/Src/app_freertos.c **** /* USER CODE BEGIN Variables */
  47:Core/Src/app_freertos.c **** 
  48:Core/Src/app_freertos.c **** /* USER CODE END Variables */
  49:Core/Src/app_freertos.c **** 
  50:Core/Src/app_freertos.c **** /* Private function prototypes -----------------------------------------------*/
  51:Core/Src/app_freertos.c **** /* USER CODE BEGIN FunctionPrototypes */
  52:Core/Src/app_freertos.c **** 
  53:Core/Src/app_freertos.c **** /* USER CODE END FunctionPrototypes */
  54:Core/Src/app_freertos.c **** 
  55:Core/Src/app_freertos.c **** /* GetIdleTaskMemory prototype (linked to static allocation support) */
  56:Core/Src/app_freertos.c **** void vApplicationGetIdleTaskMemory( StaticTask_t **ppxIdleTaskTCBBuffer, StackType_t **ppxIdleTaskS
  57:Core/Src/app_freertos.c **** 
  58:Core/Src/app_freertos.c **** /* GetTimerTaskMemory prototype (linked to static allocation support) */
  59:Core/Src/app_freertos.c **** void vApplicationGetTimerTaskMemory( StaticTask_t **ppxTimerTaskTCBBuffer, StackType_t **ppxTimerTa
  60:Core/Src/app_freertos.c **** 
  61:Core/Src/app_freertos.c **** /* USER CODE BEGIN GET_IDLE_TASK_MEMORY */
  62:Core/Src/app_freertos.c **** static StaticTask_t xIdleTaskTCBBuffer;
  63:Core/Src/app_freertos.c **** static StackType_t xIdleStack[configMINIMAL_STACK_SIZE];
  64:Core/Src/app_freertos.c **** 
  65:Core/Src/app_freertos.c **** void vApplicationGetIdleTaskMemory( StaticTask_t **ppxIdleTaskTCBBuffer, StackType_t **ppxIdleTaskS
  66:Core/Src/app_freertos.c **** {
  28              		.loc 1 66 1 view -0
  29              		.cfi_startproc
  30              		@ args = 0, pretend = 0, frame = 0
  31              		@ frame_needed = 0, uses_anonymous_args = 0
  32              		@ link register save eliminated.
  67:Core/Src/app_freertos.c ****   *ppxIdleTaskTCBBuffer = &xIdleTaskTCBBuffer;
  33              		.loc 1 67 3 view .LVU1
  34              		.loc 1 67 25 is_stmt 0 view .LVU2
  35 0000 034B     		ldr	r3, .L2
  36 0002 0360     		str	r3, [r0]
  68:Core/Src/app_freertos.c ****   *ppxIdleTaskStackBuffer = &xIdleStack[0];
  37              		.loc 1 68 3 is_stmt 1 view .LVU3
  38              		.loc 1 68 27 is_stmt 0 view .LVU4
  39 0004 034B     		ldr	r3, .L2+4
  40 0006 0B60     		str	r3, [r1]
  69:Core/Src/app_freertos.c ****   *pulIdleTaskStackSize = configMINIMAL_STACK_SIZE;
  41              		.loc 1 69 3 is_stmt 1 view .LVU5
  42              		.loc 1 69 25 is_stmt 0 view .LVU6
  43 0008 8023     		movs	r3, #128
  44 000a 1360     		str	r3, [r2]
  70:Core/Src/app_freertos.c ****   /* place for user code */
  71:Core/Src/app_freertos.c **** }
ARM GAS  C:\Users\Lenovo\AppData\Local\Temp\ccCzRT99.s 			page 3


  45              		.loc 1 71 1 view .LVU7
  46 000c 7047     		bx	lr
  47              	.L3:
  48 000e 00BF     		.align	2
  49              	.L2:
  50 0010 00000000 		.word	.LANCHOR0
  51 0014 00000000 		.word	.LANCHOR1
  52              		.cfi_endproc
  53              	.LFE849:
  55              		.section	.text.vApplicationGetTimerTaskMemory,"ax",%progbits
  56              		.align	1
  57              		.global	vApplicationGetTimerTaskMemory
  58              		.syntax unified
  59              		.thumb
  60              		.thumb_func
  62              	vApplicationGetTimerTaskMemory:
  63              	.LVL1:
  64              	.LFB850:
  72:Core/Src/app_freertos.c **** /* USER CODE END GET_IDLE_TASK_MEMORY */
  73:Core/Src/app_freertos.c **** 
  74:Core/Src/app_freertos.c **** /* USER CODE BEGIN GET_TIMER_TASK_MEMORY */
  75:Core/Src/app_freertos.c **** static StaticTask_t xTimerTaskTCBBuffer;
  76:Core/Src/app_freertos.c **** static StackType_t xTimerStack[configTIMER_TASK_STACK_DEPTH];
  77:Core/Src/app_freertos.c **** 
  78:Core/Src/app_freertos.c **** void vApplicationGetTimerTaskMemory( StaticTask_t **ppxTimerTaskTCBBuffer, StackType_t **ppxTimerTa
  79:Core/Src/app_freertos.c **** {
  65              		.loc 1 79 1 is_stmt 1 view -0
  66              		.cfi_startproc
  67              		@ args = 0, pretend = 0, frame = 0
  68              		@ frame_needed = 0, uses_anonymous_args = 0
  69              		@ link register save eliminated.
  80:Core/Src/app_freertos.c ****   *ppxTimerTaskTCBBuffer = &xTimerTaskTCBBuffer;
  70              		.loc 1 80 3 view .LVU9
  71              		.loc 1 80 26 is_stmt 0 view .LVU10
  72 0000 034B     		ldr	r3, .L5
  73 0002 0360     		str	r3, [r0]
  81:Core/Src/app_freertos.c ****   *ppxTimerTaskStackBuffer = &xTimerStack[0];
  74              		.loc 1 81 3 is_stmt 1 view .LVU11
  75              		.loc 1 81 28 is_stmt 0 view .LVU12
  76 0004 034B     		ldr	r3, .L5+4
  77 0006 0B60     		str	r3, [r1]
  82:Core/Src/app_freertos.c ****   *pulTimerTaskStackSize = configTIMER_TASK_STACK_DEPTH;
  78              		.loc 1 82 3 is_stmt 1 view .LVU13
  79              		.loc 1 82 26 is_stmt 0 view .LVU14
  80 0008 4FF48073 		mov	r3, #256
  81 000c 1360     		str	r3, [r2]
  83:Core/Src/app_freertos.c ****   /* place for user code */
  84:Core/Src/app_freertos.c **** }
  82              		.loc 1 84 1 view .LVU15
  83 000e 7047     		bx	lr
  84              	.L6:
  85              		.align	2
  86              	.L5:
  87 0010 00000000 		.word	.LANCHOR2
  88 0014 00000000 		.word	.LANCHOR3
  89              		.cfi_endproc
  90              	.LFE850:
ARM GAS  C:\Users\Lenovo\AppData\Local\Temp\ccCzRT99.s 			page 4


  92              		.section	.bss.xIdleStack,"aw",%nobits
  93              		.align	2
  94              		.set	.LANCHOR1,. + 0
  97              	xIdleStack:
  98 0000 00000000 		.space	512
  98      00000000 
  98      00000000 
  98      00000000 
  98      00000000 
  99              		.section	.bss.xIdleTaskTCBBuffer,"aw",%nobits
 100              		.align	2
 101              		.set	.LANCHOR0,. + 0
 104              	xIdleTaskTCBBuffer:
 105 0000 00000000 		.space	84
 105      00000000 
 105      00000000 
 105      00000000 
 105      00000000 
 106              		.section	.bss.xTimerStack,"aw",%nobits
 107              		.align	2
 108              		.set	.LANCHOR3,. + 0
 111              	xTimerStack:
 112 0000 00000000 		.space	1024
 112      00000000 
 112      00000000 
 112      00000000 
 112      00000000 
 113              		.section	.bss.xTimerTaskTCBBuffer,"aw",%nobits
 114              		.align	2
 115              		.set	.LANCHOR2,. + 0
 118              	xTimerTaskTCBBuffer:
 119 0000 00000000 		.space	84
 119      00000000 
 119      00000000 
 119      00000000 
 119      00000000 
 120              		.text
 121              	.Letext0:
 122              		.file 2 "d:\\zodhya projects\\technical doccuments\\stm32_vscode_make\\tools\\gcc-arm-none-eabi-10
 123              		.file 3 "d:\\zodhya projects\\technical doccuments\\stm32_vscode_make\\tools\\gcc-arm-none-eabi-10
 124              		.file 4 "Middlewares/Third_Party/FreeRTOS/Source/portable/GCC/ARM_CM3/portmacro.h"
 125              		.file 5 "Middlewares/Third_Party/FreeRTOS/Source/include/FreeRTOS.h"
 126              		.file 6 "Drivers/STM32WLxx_HAL_Driver/Inc/stm32wlxx_ll_dma.h"
ARM GAS  C:\Users\Lenovo\AppData\Local\Temp\ccCzRT99.s 			page 5


DEFINED SYMBOLS
                            *ABS*:00000000 app_freertos.c
C:\Users\Lenovo\AppData\Local\Temp\ccCzRT99.s:18     .text.vApplicationGetIdleTaskMemory:00000000 $t
C:\Users\Lenovo\AppData\Local\Temp\ccCzRT99.s:24     .text.vApplicationGetIdleTaskMemory:00000000 vApplicationGetIdleTaskMemory
C:\Users\Lenovo\AppData\Local\Temp\ccCzRT99.s:50     .text.vApplicationGetIdleTaskMemory:00000010 $d
C:\Users\Lenovo\AppData\Local\Temp\ccCzRT99.s:56     .text.vApplicationGetTimerTaskMemory:00000000 $t
C:\Users\Lenovo\AppData\Local\Temp\ccCzRT99.s:62     .text.vApplicationGetTimerTaskMemory:00000000 vApplicationGetTimerTaskMemory
C:\Users\Lenovo\AppData\Local\Temp\ccCzRT99.s:87     .text.vApplicationGetTimerTaskMemory:00000010 $d
C:\Users\Lenovo\AppData\Local\Temp\ccCzRT99.s:93     .bss.xIdleStack:00000000 $d
C:\Users\Lenovo\AppData\Local\Temp\ccCzRT99.s:97     .bss.xIdleStack:00000000 xIdleStack
C:\Users\Lenovo\AppData\Local\Temp\ccCzRT99.s:100    .bss.xIdleTaskTCBBuffer:00000000 $d
C:\Users\Lenovo\AppData\Local\Temp\ccCzRT99.s:104    .bss.xIdleTaskTCBBuffer:00000000 xIdleTaskTCBBuffer
C:\Users\Lenovo\AppData\Local\Temp\ccCzRT99.s:107    .bss.xTimerStack:00000000 $d
C:\Users\Lenovo\AppData\Local\Temp\ccCzRT99.s:111    .bss.xTimerStack:00000000 xTimerStack
C:\Users\Lenovo\AppData\Local\Temp\ccCzRT99.s:114    .bss.xTimerTaskTCBBuffer:00000000 $d
C:\Users\Lenovo\AppData\Local\Temp\ccCzRT99.s:118    .bss.xTimerTaskTCBBuffer:00000000 xTimerTaskTCBBuffer

NO UNDEFINED SYMBOLS
