ARM GAS  C:\Users\Lenovo\AppData\Local\Temp\cc56TYmn.s 			page 1


   1              		.cpu cortex-m4
   2              		.arch armv7e-m
   3              		.fpu softvfp
   4              		.eabi_attribute 20, 1
   5              		.eabi_attribute 21, 1
   6              		.eabi_attribute 23, 3
   7              		.eabi_attribute 24, 1
   8              		.eabi_attribute 25, 1
   9              		.eabi_attribute 26, 1
  10              		.eabi_attribute 30, 6
  11              		.eabi_attribute 34, 1
  12              		.eabi_attribute 18, 4
  13              		.file	"stm32wlxx_it.c"
  14              		.text
  15              	.Ltext0:
  16              		.cfi_sections	.debug_frame
  17              		.section	.rodata.CHANNEL_OFFSET_TAB,"a"
  18              		.align	2
  21              	CHANNEL_OFFSET_TAB:
  22 0000 081C3044 		.ascii	"\010\0340DXl\200"
  22      586C80
  23              		.section	.text.NMI_Handler,"ax",%progbits
  24              		.align	1
  25              		.global	NMI_Handler
  26              		.syntax unified
  27              		.thumb
  28              		.thumb_func
  30              	NMI_Handler:
  31              	.LFB844:
  32              		.file 1 "Core/Src/stm32wlxx_it.c"
   1:Core/Src/stm32wlxx_it.c **** /* USER CODE BEGIN Header */
   2:Core/Src/stm32wlxx_it.c **** /**
   3:Core/Src/stm32wlxx_it.c ****   ******************************************************************************
   4:Core/Src/stm32wlxx_it.c ****   * @file    stm32wlxx_it.c
   5:Core/Src/stm32wlxx_it.c ****   * @brief   Interrupt Service Routines.
   6:Core/Src/stm32wlxx_it.c ****   ******************************************************************************
   7:Core/Src/stm32wlxx_it.c ****   * @attention
   8:Core/Src/stm32wlxx_it.c ****   *
   9:Core/Src/stm32wlxx_it.c ****   * Copyright (c) 2024 STMicroelectronics.
  10:Core/Src/stm32wlxx_it.c ****   * All rights reserved.
  11:Core/Src/stm32wlxx_it.c ****   *
  12:Core/Src/stm32wlxx_it.c ****   * This software is licensed under terms that can be found in the LICENSE file
  13:Core/Src/stm32wlxx_it.c ****   * in the root directory of this software component.
  14:Core/Src/stm32wlxx_it.c ****   * If no LICENSE file comes with this software, it is provided AS-IS.
  15:Core/Src/stm32wlxx_it.c ****   *
  16:Core/Src/stm32wlxx_it.c ****   ******************************************************************************
  17:Core/Src/stm32wlxx_it.c ****   */
  18:Core/Src/stm32wlxx_it.c **** /* USER CODE END Header */
  19:Core/Src/stm32wlxx_it.c **** 
  20:Core/Src/stm32wlxx_it.c **** /* Includes ------------------------------------------------------------------*/
  21:Core/Src/stm32wlxx_it.c **** #include "main.h"
  22:Core/Src/stm32wlxx_it.c **** #include "stm32wlxx_it.h"
  23:Core/Src/stm32wlxx_it.c **** /* Private includes ----------------------------------------------------------*/
  24:Core/Src/stm32wlxx_it.c **** /* USER CODE BEGIN Includes */
  25:Core/Src/stm32wlxx_it.c **** /* USER CODE END Includes */
  26:Core/Src/stm32wlxx_it.c **** 
  27:Core/Src/stm32wlxx_it.c **** /* Private typedef -----------------------------------------------------------*/
ARM GAS  C:\Users\Lenovo\AppData\Local\Temp\cc56TYmn.s 			page 2


  28:Core/Src/stm32wlxx_it.c **** /* USER CODE BEGIN TD */
  29:Core/Src/stm32wlxx_it.c **** 
  30:Core/Src/stm32wlxx_it.c **** /* USER CODE END TD */
  31:Core/Src/stm32wlxx_it.c **** 
  32:Core/Src/stm32wlxx_it.c **** /* Private define ------------------------------------------------------------*/
  33:Core/Src/stm32wlxx_it.c **** /* USER CODE BEGIN PD */
  34:Core/Src/stm32wlxx_it.c **** 
  35:Core/Src/stm32wlxx_it.c **** /* USER CODE END PD */
  36:Core/Src/stm32wlxx_it.c **** 
  37:Core/Src/stm32wlxx_it.c **** /* Private macro -------------------------------------------------------------*/
  38:Core/Src/stm32wlxx_it.c **** /* USER CODE BEGIN PM */
  39:Core/Src/stm32wlxx_it.c **** 
  40:Core/Src/stm32wlxx_it.c **** /* USER CODE END PM */
  41:Core/Src/stm32wlxx_it.c **** 
  42:Core/Src/stm32wlxx_it.c **** /* Private variables ---------------------------------------------------------*/
  43:Core/Src/stm32wlxx_it.c **** /* USER CODE BEGIN PV */
  44:Core/Src/stm32wlxx_it.c **** 
  45:Core/Src/stm32wlxx_it.c **** /* USER CODE END PV */
  46:Core/Src/stm32wlxx_it.c **** 
  47:Core/Src/stm32wlxx_it.c **** /* Private function prototypes -----------------------------------------------*/
  48:Core/Src/stm32wlxx_it.c **** /* USER CODE BEGIN PFP */
  49:Core/Src/stm32wlxx_it.c **** 
  50:Core/Src/stm32wlxx_it.c **** /* USER CODE END PFP */
  51:Core/Src/stm32wlxx_it.c **** 
  52:Core/Src/stm32wlxx_it.c **** /* Private user code ---------------------------------------------------------*/
  53:Core/Src/stm32wlxx_it.c **** /* USER CODE BEGIN 0 */
  54:Core/Src/stm32wlxx_it.c **** 
  55:Core/Src/stm32wlxx_it.c **** /* USER CODE END 0 */
  56:Core/Src/stm32wlxx_it.c **** 
  57:Core/Src/stm32wlxx_it.c **** /* External variables --------------------------------------------------------*/
  58:Core/Src/stm32wlxx_it.c **** extern TIM_HandleTypeDef htim17;
  59:Core/Src/stm32wlxx_it.c **** 
  60:Core/Src/stm32wlxx_it.c **** /* USER CODE BEGIN EV */
  61:Core/Src/stm32wlxx_it.c **** 
  62:Core/Src/stm32wlxx_it.c **** /* USER CODE END EV */
  63:Core/Src/stm32wlxx_it.c **** 
  64:Core/Src/stm32wlxx_it.c **** /******************************************************************************/
  65:Core/Src/stm32wlxx_it.c **** /*           Cortex Processor Interruption and Exception Handlers          */
  66:Core/Src/stm32wlxx_it.c **** /******************************************************************************/
  67:Core/Src/stm32wlxx_it.c **** /**
  68:Core/Src/stm32wlxx_it.c ****   * @brief This function handles Non maskable interrupt.
  69:Core/Src/stm32wlxx_it.c ****   */
  70:Core/Src/stm32wlxx_it.c **** void NMI_Handler(void)
  71:Core/Src/stm32wlxx_it.c **** {
  33              		.loc 1 71 1
  34              		.cfi_startproc
  35              		@ args = 0, pretend = 0, frame = 0
  36              		@ frame_needed = 1, uses_anonymous_args = 0
  37              		@ link register save eliminated.
  38 0000 80B4     		push	{r7}
  39              	.LCFI0:
  40              		.cfi_def_cfa_offset 4
  41              		.cfi_offset 7, -4
  42 0002 00AF     		add	r7, sp, #0
  43              	.LCFI1:
  44              		.cfi_def_cfa_register 7
  45              	.L2:
ARM GAS  C:\Users\Lenovo\AppData\Local\Temp\cc56TYmn.s 			page 3


  72:Core/Src/stm32wlxx_it.c ****   /* USER CODE BEGIN NonMaskableInt_IRQn 0 */
  73:Core/Src/stm32wlxx_it.c **** 
  74:Core/Src/stm32wlxx_it.c ****   /* USER CODE END NonMaskableInt_IRQn 0 */
  75:Core/Src/stm32wlxx_it.c ****   /* USER CODE BEGIN NonMaskableInt_IRQn 1 */
  76:Core/Src/stm32wlxx_it.c ****    while (1)
  46              		.loc 1 76 10 discriminator 1
  47 0004 FEE7     		b	.L2
  48              		.cfi_endproc
  49              	.LFE844:
  51              		.section	.text.HardFault_Handler,"ax",%progbits
  52              		.align	1
  53              		.global	HardFault_Handler
  54              		.syntax unified
  55              		.thumb
  56              		.thumb_func
  58              	HardFault_Handler:
  59              	.LFB845:
  77:Core/Src/stm32wlxx_it.c ****   {
  78:Core/Src/stm32wlxx_it.c ****   }
  79:Core/Src/stm32wlxx_it.c ****   /* USER CODE END NonMaskableInt_IRQn 1 */
  80:Core/Src/stm32wlxx_it.c **** }
  81:Core/Src/stm32wlxx_it.c **** 
  82:Core/Src/stm32wlxx_it.c **** /**
  83:Core/Src/stm32wlxx_it.c ****   * @brief This function handles Hard fault interrupt.
  84:Core/Src/stm32wlxx_it.c ****   */
  85:Core/Src/stm32wlxx_it.c **** void HardFault_Handler(void)
  86:Core/Src/stm32wlxx_it.c **** {
  60              		.loc 1 86 1
  61              		.cfi_startproc
  62              		@ args = 0, pretend = 0, frame = 0
  63              		@ frame_needed = 1, uses_anonymous_args = 0
  64              		@ link register save eliminated.
  65 0000 80B4     		push	{r7}
  66              	.LCFI2:
  67              		.cfi_def_cfa_offset 4
  68              		.cfi_offset 7, -4
  69 0002 00AF     		add	r7, sp, #0
  70              	.LCFI3:
  71              		.cfi_def_cfa_register 7
  72              	.L4:
  87:Core/Src/stm32wlxx_it.c ****   /* USER CODE BEGIN HardFault_IRQn 0 */
  88:Core/Src/stm32wlxx_it.c **** 
  89:Core/Src/stm32wlxx_it.c ****   /* USER CODE END HardFault_IRQn 0 */
  90:Core/Src/stm32wlxx_it.c ****   while (1)
  73              		.loc 1 90 9 discriminator 1
  74 0004 FEE7     		b	.L4
  75              		.cfi_endproc
  76              	.LFE845:
  78              		.section	.text.MemManage_Handler,"ax",%progbits
  79              		.align	1
  80              		.global	MemManage_Handler
  81              		.syntax unified
  82              		.thumb
  83              		.thumb_func
  85              	MemManage_Handler:
  86              	.LFB846:
  91:Core/Src/stm32wlxx_it.c ****   {
ARM GAS  C:\Users\Lenovo\AppData\Local\Temp\cc56TYmn.s 			page 4


  92:Core/Src/stm32wlxx_it.c ****     /* USER CODE BEGIN W1_HardFault_IRQn 0 */
  93:Core/Src/stm32wlxx_it.c ****     /* USER CODE END W1_HardFault_IRQn 0 */
  94:Core/Src/stm32wlxx_it.c ****   }
  95:Core/Src/stm32wlxx_it.c **** }
  96:Core/Src/stm32wlxx_it.c **** 
  97:Core/Src/stm32wlxx_it.c **** /**
  98:Core/Src/stm32wlxx_it.c ****   * @brief This function handles Memory management fault.
  99:Core/Src/stm32wlxx_it.c ****   */
 100:Core/Src/stm32wlxx_it.c **** void MemManage_Handler(void)
 101:Core/Src/stm32wlxx_it.c **** {
  87              		.loc 1 101 1
  88              		.cfi_startproc
  89              		@ args = 0, pretend = 0, frame = 0
  90              		@ frame_needed = 1, uses_anonymous_args = 0
  91              		@ link register save eliminated.
  92 0000 80B4     		push	{r7}
  93              	.LCFI4:
  94              		.cfi_def_cfa_offset 4
  95              		.cfi_offset 7, -4
  96 0002 00AF     		add	r7, sp, #0
  97              	.LCFI5:
  98              		.cfi_def_cfa_register 7
  99              	.L6:
 102:Core/Src/stm32wlxx_it.c ****   /* USER CODE BEGIN MemoryManagement_IRQn 0 */
 103:Core/Src/stm32wlxx_it.c **** 
 104:Core/Src/stm32wlxx_it.c ****   /* USER CODE END MemoryManagement_IRQn 0 */
 105:Core/Src/stm32wlxx_it.c ****   while (1)
 100              		.loc 1 105 9 discriminator 1
 101 0004 FEE7     		b	.L6
 102              		.cfi_endproc
 103              	.LFE846:
 105              		.section	.text.BusFault_Handler,"ax",%progbits
 106              		.align	1
 107              		.global	BusFault_Handler
 108              		.syntax unified
 109              		.thumb
 110              		.thumb_func
 112              	BusFault_Handler:
 113              	.LFB847:
 106:Core/Src/stm32wlxx_it.c ****   {
 107:Core/Src/stm32wlxx_it.c ****     /* USER CODE BEGIN W1_MemoryManagement_IRQn 0 */
 108:Core/Src/stm32wlxx_it.c ****     /* USER CODE END W1_MemoryManagement_IRQn 0 */
 109:Core/Src/stm32wlxx_it.c ****   }
 110:Core/Src/stm32wlxx_it.c **** }
 111:Core/Src/stm32wlxx_it.c **** 
 112:Core/Src/stm32wlxx_it.c **** /**
 113:Core/Src/stm32wlxx_it.c ****   * @brief This function handles Prefetch fault, memory access fault.
 114:Core/Src/stm32wlxx_it.c ****   */
 115:Core/Src/stm32wlxx_it.c **** void BusFault_Handler(void)
 116:Core/Src/stm32wlxx_it.c **** {
 114              		.loc 1 116 1
 115              		.cfi_startproc
 116              		@ args = 0, pretend = 0, frame = 0
 117              		@ frame_needed = 1, uses_anonymous_args = 0
 118              		@ link register save eliminated.
 119 0000 80B4     		push	{r7}
 120              	.LCFI6:
ARM GAS  C:\Users\Lenovo\AppData\Local\Temp\cc56TYmn.s 			page 5


 121              		.cfi_def_cfa_offset 4
 122              		.cfi_offset 7, -4
 123 0002 00AF     		add	r7, sp, #0
 124              	.LCFI7:
 125              		.cfi_def_cfa_register 7
 126              	.L8:
 117:Core/Src/stm32wlxx_it.c ****   /* USER CODE BEGIN BusFault_IRQn 0 */
 118:Core/Src/stm32wlxx_it.c **** 
 119:Core/Src/stm32wlxx_it.c ****   /* USER CODE END BusFault_IRQn 0 */
 120:Core/Src/stm32wlxx_it.c ****   while (1)
 127              		.loc 1 120 9 discriminator 1
 128 0004 FEE7     		b	.L8
 129              		.cfi_endproc
 130              	.LFE847:
 132              		.section	.text.UsageFault_Handler,"ax",%progbits
 133              		.align	1
 134              		.global	UsageFault_Handler
 135              		.syntax unified
 136              		.thumb
 137              		.thumb_func
 139              	UsageFault_Handler:
 140              	.LFB848:
 121:Core/Src/stm32wlxx_it.c ****   {
 122:Core/Src/stm32wlxx_it.c ****     /* USER CODE BEGIN W1_BusFault_IRQn 0 */
 123:Core/Src/stm32wlxx_it.c ****     /* USER CODE END W1_BusFault_IRQn 0 */
 124:Core/Src/stm32wlxx_it.c ****   }
 125:Core/Src/stm32wlxx_it.c **** }
 126:Core/Src/stm32wlxx_it.c **** 
 127:Core/Src/stm32wlxx_it.c **** /**
 128:Core/Src/stm32wlxx_it.c ****   * @brief This function handles Undefined instruction or illegal state.
 129:Core/Src/stm32wlxx_it.c ****   */
 130:Core/Src/stm32wlxx_it.c **** void UsageFault_Handler(void)
 131:Core/Src/stm32wlxx_it.c **** {
 141              		.loc 1 131 1
 142              		.cfi_startproc
 143              		@ args = 0, pretend = 0, frame = 0
 144              		@ frame_needed = 1, uses_anonymous_args = 0
 145              		@ link register save eliminated.
 146 0000 80B4     		push	{r7}
 147              	.LCFI8:
 148              		.cfi_def_cfa_offset 4
 149              		.cfi_offset 7, -4
 150 0002 00AF     		add	r7, sp, #0
 151              	.LCFI9:
 152              		.cfi_def_cfa_register 7
 153              	.L10:
 132:Core/Src/stm32wlxx_it.c ****   /* USER CODE BEGIN UsageFault_IRQn 0 */
 133:Core/Src/stm32wlxx_it.c **** 
 134:Core/Src/stm32wlxx_it.c ****   /* USER CODE END UsageFault_IRQn 0 */
 135:Core/Src/stm32wlxx_it.c ****   while (1)
 154              		.loc 1 135 9 discriminator 1
 155 0004 FEE7     		b	.L10
 156              		.cfi_endproc
 157              	.LFE848:
 159              		.section	.text.DebugMon_Handler,"ax",%progbits
 160              		.align	1
 161              		.global	DebugMon_Handler
ARM GAS  C:\Users\Lenovo\AppData\Local\Temp\cc56TYmn.s 			page 6


 162              		.syntax unified
 163              		.thumb
 164              		.thumb_func
 166              	DebugMon_Handler:
 167              	.LFB849:
 136:Core/Src/stm32wlxx_it.c ****   {
 137:Core/Src/stm32wlxx_it.c ****     /* USER CODE BEGIN W1_UsageFault_IRQn 0 */
 138:Core/Src/stm32wlxx_it.c ****     /* USER CODE END W1_UsageFault_IRQn 0 */
 139:Core/Src/stm32wlxx_it.c ****   }
 140:Core/Src/stm32wlxx_it.c **** }
 141:Core/Src/stm32wlxx_it.c **** 
 142:Core/Src/stm32wlxx_it.c **** /**
 143:Core/Src/stm32wlxx_it.c ****   * @brief This function handles Debug monitor.
 144:Core/Src/stm32wlxx_it.c ****   */
 145:Core/Src/stm32wlxx_it.c **** void DebugMon_Handler(void)
 146:Core/Src/stm32wlxx_it.c **** {
 168              		.loc 1 146 1
 169              		.cfi_startproc
 170              		@ args = 0, pretend = 0, frame = 0
 171              		@ frame_needed = 1, uses_anonymous_args = 0
 172              		@ link register save eliminated.
 173 0000 80B4     		push	{r7}
 174              	.LCFI10:
 175              		.cfi_def_cfa_offset 4
 176              		.cfi_offset 7, -4
 177 0002 00AF     		add	r7, sp, #0
 178              	.LCFI11:
 179              		.cfi_def_cfa_register 7
 147:Core/Src/stm32wlxx_it.c ****   /* USER CODE BEGIN DebugMonitor_IRQn 0 */
 148:Core/Src/stm32wlxx_it.c **** 
 149:Core/Src/stm32wlxx_it.c ****   /* USER CODE END DebugMonitor_IRQn 0 */
 150:Core/Src/stm32wlxx_it.c ****   /* USER CODE BEGIN DebugMonitor_IRQn 1 */
 151:Core/Src/stm32wlxx_it.c **** 
 152:Core/Src/stm32wlxx_it.c ****   /* USER CODE END DebugMonitor_IRQn 1 */
 153:Core/Src/stm32wlxx_it.c **** }
 180              		.loc 1 153 1
 181 0004 00BF     		nop
 182 0006 BD46     		mov	sp, r7
 183              	.LCFI12:
 184              		.cfi_def_cfa_register 13
 185              		@ sp needed
 186 0008 80BC     		pop	{r7}
 187              	.LCFI13:
 188              		.cfi_restore 7
 189              		.cfi_def_cfa_offset 0
 190 000a 7047     		bx	lr
 191              		.cfi_endproc
 192              	.LFE849:
 194              		.section	.text.TIM17_IRQHandler,"ax",%progbits
 195              		.align	1
 196              		.global	TIM17_IRQHandler
 197              		.syntax unified
 198              		.thumb
 199              		.thumb_func
 201              	TIM17_IRQHandler:
 202              	.LFB850:
 154:Core/Src/stm32wlxx_it.c **** 
ARM GAS  C:\Users\Lenovo\AppData\Local\Temp\cc56TYmn.s 			page 7


 155:Core/Src/stm32wlxx_it.c **** /******************************************************************************/
 156:Core/Src/stm32wlxx_it.c **** /* STM32WLxx Peripheral Interrupt Handlers                                    */
 157:Core/Src/stm32wlxx_it.c **** /* Add here the Interrupt Handlers for the used peripherals.                  */
 158:Core/Src/stm32wlxx_it.c **** /* For the available peripheral interrupt handler names,                      */
 159:Core/Src/stm32wlxx_it.c **** /* please refer to the startup file (startup_stm32wlxx.s).                    */
 160:Core/Src/stm32wlxx_it.c **** /******************************************************************************/
 161:Core/Src/stm32wlxx_it.c **** 
 162:Core/Src/stm32wlxx_it.c **** /**
 163:Core/Src/stm32wlxx_it.c ****   * @brief This function handles TIM17 Global Interrupt.
 164:Core/Src/stm32wlxx_it.c ****   */
 165:Core/Src/stm32wlxx_it.c **** void TIM17_IRQHandler(void)
 166:Core/Src/stm32wlxx_it.c **** {
 203              		.loc 1 166 1
 204              		.cfi_startproc
 205              		@ args = 0, pretend = 0, frame = 0
 206              		@ frame_needed = 1, uses_anonymous_args = 0
 207 0000 80B5     		push	{r7, lr}
 208              	.LCFI14:
 209              		.cfi_def_cfa_offset 8
 210              		.cfi_offset 7, -8
 211              		.cfi_offset 14, -4
 212 0002 00AF     		add	r7, sp, #0
 213              	.LCFI15:
 214              		.cfi_def_cfa_register 7
 167:Core/Src/stm32wlxx_it.c ****   /* USER CODE BEGIN TIM17_IRQn 0 */
 168:Core/Src/stm32wlxx_it.c **** 
 169:Core/Src/stm32wlxx_it.c ****   /* USER CODE END TIM17_IRQn 0 */
 170:Core/Src/stm32wlxx_it.c ****   HAL_TIM_IRQHandler(&htim17);
 215              		.loc 1 170 3
 216 0004 0248     		ldr	r0, .L13
 217 0006 FFF7FEFF 		bl	HAL_TIM_IRQHandler
 171:Core/Src/stm32wlxx_it.c ****   /* USER CODE BEGIN TIM17_IRQn 1 */
 172:Core/Src/stm32wlxx_it.c **** 
 173:Core/Src/stm32wlxx_it.c ****   /* USER CODE END TIM17_IRQn 1 */
 174:Core/Src/stm32wlxx_it.c **** }
 218              		.loc 1 174 1
 219 000a 00BF     		nop
 220 000c 80BD     		pop	{r7, pc}
 221              	.L14:
 222 000e 00BF     		.align	2
 223              	.L13:
 224 0010 00000000 		.word	htim17
 225              		.cfi_endproc
 226              	.LFE850:
 228              		.text
 229              	.Letext0:
 230              		.file 2 "d:\\zodhya projects\\technical doccuments\\stm32_vscode_make\\tools\\gcc-arm-none-eabi-10
 231              		.file 3 "d:\\zodhya projects\\technical doccuments\\stm32_vscode_make\\tools\\gcc-arm-none-eabi-10
 232              		.file 4 "Drivers/CMSIS/Device/ST/STM32WLxx/Include/stm32wl55xx.h"
 233              		.file 5 "Drivers/STM32WLxx_HAL_Driver/Inc/stm32wlxx_hal_def.h"
 234              		.file 6 "Drivers/STM32WLxx_HAL_Driver/Inc/stm32wlxx_hal_dma.h"
 235              		.file 7 "Drivers/STM32WLxx_HAL_Driver/Inc/stm32wlxx_hal_tim.h"
 236              		.file 8 "Drivers/STM32WLxx_HAL_Driver/Inc/stm32wlxx_ll_dma.h"
ARM GAS  C:\Users\Lenovo\AppData\Local\Temp\cc56TYmn.s 			page 8


DEFINED SYMBOLS
                            *ABS*:00000000 stm32wlxx_it.c
C:\Users\Lenovo\AppData\Local\Temp\cc56TYmn.s:18     .rodata.CHANNEL_OFFSET_TAB:00000000 $d
C:\Users\Lenovo\AppData\Local\Temp\cc56TYmn.s:21     .rodata.CHANNEL_OFFSET_TAB:00000000 CHANNEL_OFFSET_TAB
C:\Users\Lenovo\AppData\Local\Temp\cc56TYmn.s:24     .text.NMI_Handler:00000000 $t
C:\Users\Lenovo\AppData\Local\Temp\cc56TYmn.s:30     .text.NMI_Handler:00000000 NMI_Handler
C:\Users\Lenovo\AppData\Local\Temp\cc56TYmn.s:52     .text.HardFault_Handler:00000000 $t
C:\Users\Lenovo\AppData\Local\Temp\cc56TYmn.s:58     .text.HardFault_Handler:00000000 HardFault_Handler
C:\Users\Lenovo\AppData\Local\Temp\cc56TYmn.s:79     .text.MemManage_Handler:00000000 $t
C:\Users\Lenovo\AppData\Local\Temp\cc56TYmn.s:85     .text.MemManage_Handler:00000000 MemManage_Handler
C:\Users\Lenovo\AppData\Local\Temp\cc56TYmn.s:106    .text.BusFault_Handler:00000000 $t
C:\Users\Lenovo\AppData\Local\Temp\cc56TYmn.s:112    .text.BusFault_Handler:00000000 BusFault_Handler
C:\Users\Lenovo\AppData\Local\Temp\cc56TYmn.s:133    .text.UsageFault_Handler:00000000 $t
C:\Users\Lenovo\AppData\Local\Temp\cc56TYmn.s:139    .text.UsageFault_Handler:00000000 UsageFault_Handler
C:\Users\Lenovo\AppData\Local\Temp\cc56TYmn.s:160    .text.DebugMon_Handler:00000000 $t
C:\Users\Lenovo\AppData\Local\Temp\cc56TYmn.s:166    .text.DebugMon_Handler:00000000 DebugMon_Handler
C:\Users\Lenovo\AppData\Local\Temp\cc56TYmn.s:195    .text.TIM17_IRQHandler:00000000 $t
C:\Users\Lenovo\AppData\Local\Temp\cc56TYmn.s:201    .text.TIM17_IRQHandler:00000000 TIM17_IRQHandler
C:\Users\Lenovo\AppData\Local\Temp\cc56TYmn.s:224    .text.TIM17_IRQHandler:00000010 $d

UNDEFINED SYMBOLS
HAL_TIM_IRQHandler
htim17
