ARM GAS  C:\Users\Lenovo\AppData\Local\Temp\cceKai4B.s 			page 1


   1              		.cpu cortex-m4
   2              		.arch armv7e-m
   3              		.fpu softvfp
   4              		.eabi_attribute 20, 1
   5              		.eabi_attribute 21, 1
   6              		.eabi_attribute 23, 3
   7              		.eabi_attribute 24, 1
   8              		.eabi_attribute 25, 1
   9              		.eabi_attribute 26, 1
  10              		.eabi_attribute 30, 6
  11              		.eabi_attribute 34, 1
  12              		.eabi_attribute 18, 4
  13              		.file	"stm32wlxx_hal_dma_ex.c"
  14              		.text
  15              	.Ltext0:
  16              		.cfi_sections	.debug_frame
  17              		.section	.rodata.CHANNEL_OFFSET_TAB,"a"
  18              		.align	2
  21              	CHANNEL_OFFSET_TAB:
  22 0000 081C3044 		.ascii	"\010\0340DXl\200"
  22      586C80
  23              		.section	.text.HAL_DMAEx_ConfigMuxSync,"ax",%progbits
  24              		.align	1
  25              		.global	HAL_DMAEx_ConfigMuxSync
  26              		.syntax unified
  27              		.thumb
  28              		.thumb_func
  30              	HAL_DMAEx_ConfigMuxSync:
  31              	.LFB844:
  32              		.file 1 "Drivers/STM32WLxx_HAL_Driver/Src/stm32wlxx_hal_dma_ex.c"
   1:Drivers/STM32WLxx_HAL_Driver/Src/stm32wlxx_hal_dma_ex.c **** /**
   2:Drivers/STM32WLxx_HAL_Driver/Src/stm32wlxx_hal_dma_ex.c ****   ******************************************************************************
   3:Drivers/STM32WLxx_HAL_Driver/Src/stm32wlxx_hal_dma_ex.c ****   * @file    stm32wlxx_hal_dma_ex.c
   4:Drivers/STM32WLxx_HAL_Driver/Src/stm32wlxx_hal_dma_ex.c ****   * @author  MCD Application Team
   5:Drivers/STM32WLxx_HAL_Driver/Src/stm32wlxx_hal_dma_ex.c ****   * @brief   DMA Extension HAL module driver
   6:Drivers/STM32WLxx_HAL_Driver/Src/stm32wlxx_hal_dma_ex.c ****   *         This file provides firmware functions to manage the following
   7:Drivers/STM32WLxx_HAL_Driver/Src/stm32wlxx_hal_dma_ex.c ****   *         functionalities of the DMA Extension peripheral:
   8:Drivers/STM32WLxx_HAL_Driver/Src/stm32wlxx_hal_dma_ex.c ****   *           + Extended features functions
   9:Drivers/STM32WLxx_HAL_Driver/Src/stm32wlxx_hal_dma_ex.c ****   *
  10:Drivers/STM32WLxx_HAL_Driver/Src/stm32wlxx_hal_dma_ex.c ****   ******************************************************************************
  11:Drivers/STM32WLxx_HAL_Driver/Src/stm32wlxx_hal_dma_ex.c ****   * @attention
  12:Drivers/STM32WLxx_HAL_Driver/Src/stm32wlxx_hal_dma_ex.c ****   *
  13:Drivers/STM32WLxx_HAL_Driver/Src/stm32wlxx_hal_dma_ex.c ****   * Copyright (c) 2020 STMicroelectronics.
  14:Drivers/STM32WLxx_HAL_Driver/Src/stm32wlxx_hal_dma_ex.c ****   * All rights reserved.
  15:Drivers/STM32WLxx_HAL_Driver/Src/stm32wlxx_hal_dma_ex.c ****   *
  16:Drivers/STM32WLxx_HAL_Driver/Src/stm32wlxx_hal_dma_ex.c ****   * This software is licensed under terms that can be found in the LICENSE file
  17:Drivers/STM32WLxx_HAL_Driver/Src/stm32wlxx_hal_dma_ex.c ****   * in the root directory of this software component.
  18:Drivers/STM32WLxx_HAL_Driver/Src/stm32wlxx_hal_dma_ex.c ****   * If no LICENSE file comes with this software, it is provided AS-IS.
  19:Drivers/STM32WLxx_HAL_Driver/Src/stm32wlxx_hal_dma_ex.c ****   *
  20:Drivers/STM32WLxx_HAL_Driver/Src/stm32wlxx_hal_dma_ex.c ****   ******************************************************************************
  21:Drivers/STM32WLxx_HAL_Driver/Src/stm32wlxx_hal_dma_ex.c ****   @verbatim
  22:Drivers/STM32WLxx_HAL_Driver/Src/stm32wlxx_hal_dma_ex.c ****   ==============================================================================
  23:Drivers/STM32WLxx_HAL_Driver/Src/stm32wlxx_hal_dma_ex.c ****                         ##### How to use this driver #####
  24:Drivers/STM32WLxx_HAL_Driver/Src/stm32wlxx_hal_dma_ex.c ****   ==============================================================================
  25:Drivers/STM32WLxx_HAL_Driver/Src/stm32wlxx_hal_dma_ex.c ****   [..]
  26:Drivers/STM32WLxx_HAL_Driver/Src/stm32wlxx_hal_dma_ex.c ****   The DMA Extension HAL driver can be used as follows:
  27:Drivers/STM32WLxx_HAL_Driver/Src/stm32wlxx_hal_dma_ex.c ****    (+) Configure the DMAMUX Synchronization Block using HAL_DMAEx_ConfigMuxSync function.
ARM GAS  C:\Users\Lenovo\AppData\Local\Temp\cceKai4B.s 			page 2


  28:Drivers/STM32WLxx_HAL_Driver/Src/stm32wlxx_hal_dma_ex.c ****    (+) Configure the DMAMUX Request Generator Block using HAL_DMAEx_ConfigMuxRequestGenerator funct
  29:Drivers/STM32WLxx_HAL_Driver/Src/stm32wlxx_hal_dma_ex.c ****        Functions HAL_DMAEx_EnableMuxRequestGenerator and HAL_DMAEx_DisableMuxRequestGenerator can t
  30:Drivers/STM32WLxx_HAL_Driver/Src/stm32wlxx_hal_dma_ex.c ****        to respectively enable/disable the request generator.
  31:Drivers/STM32WLxx_HAL_Driver/Src/stm32wlxx_hal_dma_ex.c **** 
  32:Drivers/STM32WLxx_HAL_Driver/Src/stm32wlxx_hal_dma_ex.c ****    (+) To handle the DMAMUX Interrupts, the function  HAL_DMAEx_MUX_IRQHandler should be called fro
  33:Drivers/STM32WLxx_HAL_Driver/Src/stm32wlxx_hal_dma_ex.c ****        the DMAMUX IRQ handler i.e DMAMUX1_OVR_IRQHandler.
  34:Drivers/STM32WLxx_HAL_Driver/Src/stm32wlxx_hal_dma_ex.c ****        As only one interrupt line is available for all DMAMUX channels and request generators , HAL
  35:Drivers/STM32WLxx_HAL_Driver/Src/stm32wlxx_hal_dma_ex.c ****        called with, as parameter, the appropriate DMA handle as many as used DMAs in the user proje
  36:Drivers/STM32WLxx_HAL_Driver/Src/stm32wlxx_hal_dma_ex.c ****       (exception done if a given DMA is not using the DMAMUX SYNC block neither a request generator
  37:Drivers/STM32WLxx_HAL_Driver/Src/stm32wlxx_hal_dma_ex.c **** 
  38:Drivers/STM32WLxx_HAL_Driver/Src/stm32wlxx_hal_dma_ex.c ****   @endverbatim
  39:Drivers/STM32WLxx_HAL_Driver/Src/stm32wlxx_hal_dma_ex.c ****   ******************************************************************************
  40:Drivers/STM32WLxx_HAL_Driver/Src/stm32wlxx_hal_dma_ex.c ****   */
  41:Drivers/STM32WLxx_HAL_Driver/Src/stm32wlxx_hal_dma_ex.c **** 
  42:Drivers/STM32WLxx_HAL_Driver/Src/stm32wlxx_hal_dma_ex.c **** /* Includes ------------------------------------------------------------------*/
  43:Drivers/STM32WLxx_HAL_Driver/Src/stm32wlxx_hal_dma_ex.c **** #include "stm32wlxx_hal.h"
  44:Drivers/STM32WLxx_HAL_Driver/Src/stm32wlxx_hal_dma_ex.c **** 
  45:Drivers/STM32WLxx_HAL_Driver/Src/stm32wlxx_hal_dma_ex.c **** /** @addtogroup STM32WLxx_HAL_Driver
  46:Drivers/STM32WLxx_HAL_Driver/Src/stm32wlxx_hal_dma_ex.c ****   * @{
  47:Drivers/STM32WLxx_HAL_Driver/Src/stm32wlxx_hal_dma_ex.c ****   */
  48:Drivers/STM32WLxx_HAL_Driver/Src/stm32wlxx_hal_dma_ex.c **** 
  49:Drivers/STM32WLxx_HAL_Driver/Src/stm32wlxx_hal_dma_ex.c **** /** @defgroup DMAEx DMAEx
  50:Drivers/STM32WLxx_HAL_Driver/Src/stm32wlxx_hal_dma_ex.c ****   * @brief DMA Extended HAL module driver
  51:Drivers/STM32WLxx_HAL_Driver/Src/stm32wlxx_hal_dma_ex.c ****   * @{
  52:Drivers/STM32WLxx_HAL_Driver/Src/stm32wlxx_hal_dma_ex.c ****   */
  53:Drivers/STM32WLxx_HAL_Driver/Src/stm32wlxx_hal_dma_ex.c **** 
  54:Drivers/STM32WLxx_HAL_Driver/Src/stm32wlxx_hal_dma_ex.c **** #ifdef HAL_DMA_MODULE_ENABLED
  55:Drivers/STM32WLxx_HAL_Driver/Src/stm32wlxx_hal_dma_ex.c **** 
  56:Drivers/STM32WLxx_HAL_Driver/Src/stm32wlxx_hal_dma_ex.c **** /* Private typedef -----------------------------------------------------------*/
  57:Drivers/STM32WLxx_HAL_Driver/Src/stm32wlxx_hal_dma_ex.c **** /* Private define ------------------------------------------------------------*/
  58:Drivers/STM32WLxx_HAL_Driver/Src/stm32wlxx_hal_dma_ex.c **** /* Private macro -------------------------------------------------------------*/
  59:Drivers/STM32WLxx_HAL_Driver/Src/stm32wlxx_hal_dma_ex.c **** /* Private variables ---------------------------------------------------------*/
  60:Drivers/STM32WLxx_HAL_Driver/Src/stm32wlxx_hal_dma_ex.c **** /* Private Constants ---------------------------------------------------------*/
  61:Drivers/STM32WLxx_HAL_Driver/Src/stm32wlxx_hal_dma_ex.c **** /* Private function prototypes -----------------------------------------------*/
  62:Drivers/STM32WLxx_HAL_Driver/Src/stm32wlxx_hal_dma_ex.c **** /* Exported functions --------------------------------------------------------*/
  63:Drivers/STM32WLxx_HAL_Driver/Src/stm32wlxx_hal_dma_ex.c **** 
  64:Drivers/STM32WLxx_HAL_Driver/Src/stm32wlxx_hal_dma_ex.c **** 
  65:Drivers/STM32WLxx_HAL_Driver/Src/stm32wlxx_hal_dma_ex.c **** /** @defgroup DMAEx_Exported_Functions DMAEx Exported Functions
  66:Drivers/STM32WLxx_HAL_Driver/Src/stm32wlxx_hal_dma_ex.c ****   * @{
  67:Drivers/STM32WLxx_HAL_Driver/Src/stm32wlxx_hal_dma_ex.c ****   */
  68:Drivers/STM32WLxx_HAL_Driver/Src/stm32wlxx_hal_dma_ex.c **** 
  69:Drivers/STM32WLxx_HAL_Driver/Src/stm32wlxx_hal_dma_ex.c **** /** @defgroup DMAEx_Exported_Functions_Group1 DMAEx Extended features functions
  70:Drivers/STM32WLxx_HAL_Driver/Src/stm32wlxx_hal_dma_ex.c ****  *  @brief   Extended features functions
  71:Drivers/STM32WLxx_HAL_Driver/Src/stm32wlxx_hal_dma_ex.c ****  *
  72:Drivers/STM32WLxx_HAL_Driver/Src/stm32wlxx_hal_dma_ex.c **** @verbatim
  73:Drivers/STM32WLxx_HAL_Driver/Src/stm32wlxx_hal_dma_ex.c ****  ===============================================================================
  74:Drivers/STM32WLxx_HAL_Driver/Src/stm32wlxx_hal_dma_ex.c ****                 #####  Extended features functions  #####
  75:Drivers/STM32WLxx_HAL_Driver/Src/stm32wlxx_hal_dma_ex.c ****  ===============================================================================
  76:Drivers/STM32WLxx_HAL_Driver/Src/stm32wlxx_hal_dma_ex.c ****     [..]  This section provides functions allowing to:
  77:Drivers/STM32WLxx_HAL_Driver/Src/stm32wlxx_hal_dma_ex.c **** 
  78:Drivers/STM32WLxx_HAL_Driver/Src/stm32wlxx_hal_dma_ex.c ****     (+) Configure the DMAMUX Synchronization Block using HAL_DMAEx_ConfigMuxSync function.
  79:Drivers/STM32WLxx_HAL_Driver/Src/stm32wlxx_hal_dma_ex.c ****     (+) Configure the DMAMUX Request Generator Block using HAL_DMAEx_ConfigMuxRequestGenerator func
  80:Drivers/STM32WLxx_HAL_Driver/Src/stm32wlxx_hal_dma_ex.c ****        Functions HAL_DMAEx_EnableMuxRequestGenerator and HAL_DMAEx_DisableMuxRequestGenerator can t
  81:Drivers/STM32WLxx_HAL_Driver/Src/stm32wlxx_hal_dma_ex.c ****        to respectively enable/disable the request generator.
  82:Drivers/STM32WLxx_HAL_Driver/Src/stm32wlxx_hal_dma_ex.c ****     (+) Handle DMAMUX interrupts using HAL_DMAEx_MUX_IRQHandler : should be called from
  83:Drivers/STM32WLxx_HAL_Driver/Src/stm32wlxx_hal_dma_ex.c ****         the DMAMUX IRQ handler
  84:Drivers/STM32WLxx_HAL_Driver/Src/stm32wlxx_hal_dma_ex.c **** 
ARM GAS  C:\Users\Lenovo\AppData\Local\Temp\cceKai4B.s 			page 3


  85:Drivers/STM32WLxx_HAL_Driver/Src/stm32wlxx_hal_dma_ex.c **** @endverbatim
  86:Drivers/STM32WLxx_HAL_Driver/Src/stm32wlxx_hal_dma_ex.c ****   * @{
  87:Drivers/STM32WLxx_HAL_Driver/Src/stm32wlxx_hal_dma_ex.c ****   */
  88:Drivers/STM32WLxx_HAL_Driver/Src/stm32wlxx_hal_dma_ex.c **** 
  89:Drivers/STM32WLxx_HAL_Driver/Src/stm32wlxx_hal_dma_ex.c **** /**
  90:Drivers/STM32WLxx_HAL_Driver/Src/stm32wlxx_hal_dma_ex.c ****   * @brief Configure the DMAMUX synchronization parameters for a given DMA channel (instance).
  91:Drivers/STM32WLxx_HAL_Driver/Src/stm32wlxx_hal_dma_ex.c ****   * @param hdma Pointer to a DMA_HandleTypeDef structure that contains
  92:Drivers/STM32WLxx_HAL_Driver/Src/stm32wlxx_hal_dma_ex.c ****   *             the configuration information for the specified DMA channel.
  93:Drivers/STM32WLxx_HAL_Driver/Src/stm32wlxx_hal_dma_ex.c ****   * @param pSyncConfig Pointer to HAL_DMA_MuxSyncConfigTypeDef contains the DMAMUX synchronization 
  94:Drivers/STM32WLxx_HAL_Driver/Src/stm32wlxx_hal_dma_ex.c ****   * @retval HAL status
  95:Drivers/STM32WLxx_HAL_Driver/Src/stm32wlxx_hal_dma_ex.c ****   */
  96:Drivers/STM32WLxx_HAL_Driver/Src/stm32wlxx_hal_dma_ex.c **** HAL_StatusTypeDef HAL_DMAEx_ConfigMuxSync(DMA_HandleTypeDef *hdma, HAL_DMA_MuxSyncConfigTypeDef *pS
  97:Drivers/STM32WLxx_HAL_Driver/Src/stm32wlxx_hal_dma_ex.c **** {
  33              		.loc 1 97 1
  34              		.cfi_startproc
  35              		@ args = 0, pretend = 0, frame = 8
  36              		@ frame_needed = 1, uses_anonymous_args = 0
  37              		@ link register save eliminated.
  38 0000 80B4     		push	{r7}
  39              	.LCFI0:
  40              		.cfi_def_cfa_offset 4
  41              		.cfi_offset 7, -4
  42 0002 83B0     		sub	sp, sp, #12
  43              	.LCFI1:
  44              		.cfi_def_cfa_offset 16
  45 0004 00AF     		add	r7, sp, #0
  46              	.LCFI2:
  47              		.cfi_def_cfa_register 7
  48 0006 7860     		str	r0, [r7, #4]
  49 0008 3960     		str	r1, [r7]
  98:Drivers/STM32WLxx_HAL_Driver/Src/stm32wlxx_hal_dma_ex.c ****   /* Check the parameters */
  99:Drivers/STM32WLxx_HAL_Driver/Src/stm32wlxx_hal_dma_ex.c ****   assert_param(IS_DMA_ALL_INSTANCE(hdma->Instance));
 100:Drivers/STM32WLxx_HAL_Driver/Src/stm32wlxx_hal_dma_ex.c **** 
 101:Drivers/STM32WLxx_HAL_Driver/Src/stm32wlxx_hal_dma_ex.c ****   assert_param(IS_DMAMUX_SYNC_SIGNAL_ID(pSyncConfig->SyncSignalID));
 102:Drivers/STM32WLxx_HAL_Driver/Src/stm32wlxx_hal_dma_ex.c **** 
 103:Drivers/STM32WLxx_HAL_Driver/Src/stm32wlxx_hal_dma_ex.c ****   assert_param(IS_DMAMUX_SYNC_POLARITY(pSyncConfig-> SyncPolarity));
 104:Drivers/STM32WLxx_HAL_Driver/Src/stm32wlxx_hal_dma_ex.c ****   assert_param(IS_DMAMUX_SYNC_STATE(pSyncConfig->SyncEnable));
 105:Drivers/STM32WLxx_HAL_Driver/Src/stm32wlxx_hal_dma_ex.c ****   assert_param(IS_DMAMUX_SYNC_EVENT(pSyncConfig->EventEnable));
 106:Drivers/STM32WLxx_HAL_Driver/Src/stm32wlxx_hal_dma_ex.c ****   assert_param(IS_DMAMUX_SYNC_REQUEST_NUMBER(pSyncConfig->RequestNumber));
 107:Drivers/STM32WLxx_HAL_Driver/Src/stm32wlxx_hal_dma_ex.c **** 
 108:Drivers/STM32WLxx_HAL_Driver/Src/stm32wlxx_hal_dma_ex.c ****   /*Check if the DMA state is ready */
 109:Drivers/STM32WLxx_HAL_Driver/Src/stm32wlxx_hal_dma_ex.c ****   if (hdma->State == HAL_DMA_STATE_READY)
  50              		.loc 1 109 11
  51 000a 7B68     		ldr	r3, [r7, #4]
  52 000c 93F82530 		ldrb	r3, [r3, #37]
  53 0010 DBB2     		uxtb	r3, r3
  54              		.loc 1 109 6
  55 0012 012B     		cmp	r3, #1
  56 0014 2BD1     		bne	.L2
 110:Drivers/STM32WLxx_HAL_Driver/Src/stm32wlxx_hal_dma_ex.c ****   {
 111:Drivers/STM32WLxx_HAL_Driver/Src/stm32wlxx_hal_dma_ex.c ****     /* Process Locked */
 112:Drivers/STM32WLxx_HAL_Driver/Src/stm32wlxx_hal_dma_ex.c ****     __HAL_LOCK(hdma);
  57              		.loc 1 112 5
  58 0016 7B68     		ldr	r3, [r7, #4]
  59 0018 93F82430 		ldrb	r3, [r3, #36]	@ zero_extendqisi2
  60 001c 012B     		cmp	r3, #1
  61 001e 01D1     		bne	.L3
ARM GAS  C:\Users\Lenovo\AppData\Local\Temp\cceKai4B.s 			page 4


  62              		.loc 1 112 5 is_stmt 0 discriminator 1
  63 0020 0223     		movs	r3, #2
  64 0022 28E0     		b	.L4
  65              	.L3:
  66              		.loc 1 112 5 discriminator 2
  67 0024 7B68     		ldr	r3, [r7, #4]
  68 0026 0122     		movs	r2, #1
  69 0028 83F82420 		strb	r2, [r3, #36]
 113:Drivers/STM32WLxx_HAL_Driver/Src/stm32wlxx_hal_dma_ex.c **** 
 114:Drivers/STM32WLxx_HAL_Driver/Src/stm32wlxx_hal_dma_ex.c ****     /* Set the new synchronization parameters (and keep the request ID filled during the Init)*/
 115:Drivers/STM32WLxx_HAL_Driver/Src/stm32wlxx_hal_dma_ex.c ****     MODIFY_REG(hdma->DMAmuxChannel->CCR, \
  70              		.loc 1 115 5 is_stmt 1 discriminator 2
  71 002c 7B68     		ldr	r3, [r7, #4]
  72 002e 9B6C     		ldr	r3, [r3, #72]
  73 0030 1B68     		ldr	r3, [r3]
  74 0032 03F07F01 		and	r1, r3, #127
  75 0036 3B68     		ldr	r3, [r7]
  76 0038 1A68     		ldr	r2, [r3]
  77 003a 3B68     		ldr	r3, [r7]
  78 003c DB68     		ldr	r3, [r3, #12]
  79 003e 013B     		subs	r3, r3, #1
  80 0040 DB04     		lsls	r3, r3, #19
  81 0042 1A43     		orrs	r2, r2, r3
  82 0044 3B68     		ldr	r3, [r7]
  83 0046 5B68     		ldr	r3, [r3, #4]
  84 0048 1A43     		orrs	r2, r2, r3
  85 004a 3B68     		ldr	r3, [r7]
  86 004c 1B7A     		ldrb	r3, [r3, #8]	@ zero_extendqisi2
  87 004e 1B04     		lsls	r3, r3, #16
  88 0050 1A43     		orrs	r2, r2, r3
  89 0052 3B68     		ldr	r3, [r7]
  90 0054 5B7A     		ldrb	r3, [r3, #9]	@ zero_extendqisi2
  91 0056 5B02     		lsls	r3, r3, #9
  92 0058 1A43     		orrs	r2, r2, r3
  93 005a 7B68     		ldr	r3, [r7, #4]
  94 005c 9B6C     		ldr	r3, [r3, #72]
  95 005e 0A43     		orrs	r2, r2, r1
  96 0060 1A60     		str	r2, [r3]
 116:Drivers/STM32WLxx_HAL_Driver/Src/stm32wlxx_hal_dma_ex.c ****                (~DMAMUX_CxCR_DMAREQ_ID), \
 117:Drivers/STM32WLxx_HAL_Driver/Src/stm32wlxx_hal_dma_ex.c ****                (pSyncConfig->SyncSignalID | ((pSyncConfig->RequestNumber - 1U) << DMAMUX_CxCR_NBREQ
 118:Drivers/STM32WLxx_HAL_Driver/Src/stm32wlxx_hal_dma_ex.c ****                 pSyncConfig->SyncPolarity | ((uint32_t)pSyncConfig->SyncEnable << DMAMUX_CxCR_SE_Po
 119:Drivers/STM32WLxx_HAL_Driver/Src/stm32wlxx_hal_dma_ex.c ****                 ((uint32_t)pSyncConfig->EventEnable << DMAMUX_CxCR_EGE_Pos)));
 120:Drivers/STM32WLxx_HAL_Driver/Src/stm32wlxx_hal_dma_ex.c **** 
 121:Drivers/STM32WLxx_HAL_Driver/Src/stm32wlxx_hal_dma_ex.c ****     /* Process UnLocked */
 122:Drivers/STM32WLxx_HAL_Driver/Src/stm32wlxx_hal_dma_ex.c ****     __HAL_UNLOCK(hdma);
  97              		.loc 1 122 5 discriminator 2
  98 0062 7B68     		ldr	r3, [r7, #4]
  99 0064 0022     		movs	r2, #0
 100 0066 83F82420 		strb	r2, [r3, #36]
 123:Drivers/STM32WLxx_HAL_Driver/Src/stm32wlxx_hal_dma_ex.c **** 
 124:Drivers/STM32WLxx_HAL_Driver/Src/stm32wlxx_hal_dma_ex.c ****     return HAL_OK;
 101              		.loc 1 124 12 discriminator 2
 102 006a 0023     		movs	r3, #0
 103 006c 03E0     		b	.L4
 104              	.L2:
 125:Drivers/STM32WLxx_HAL_Driver/Src/stm32wlxx_hal_dma_ex.c ****   }
 126:Drivers/STM32WLxx_HAL_Driver/Src/stm32wlxx_hal_dma_ex.c ****   else
ARM GAS  C:\Users\Lenovo\AppData\Local\Temp\cceKai4B.s 			page 5


 127:Drivers/STM32WLxx_HAL_Driver/Src/stm32wlxx_hal_dma_ex.c ****   {
 128:Drivers/STM32WLxx_HAL_Driver/Src/stm32wlxx_hal_dma_ex.c ****     /* Set the error code to busy */
 129:Drivers/STM32WLxx_HAL_Driver/Src/stm32wlxx_hal_dma_ex.c ****     hdma->ErrorCode = HAL_DMA_ERROR_BUSY;
 105              		.loc 1 129 21
 106 006e 7B68     		ldr	r3, [r7, #4]
 107 0070 8022     		movs	r2, #128
 108 0072 DA63     		str	r2, [r3, #60]
 130:Drivers/STM32WLxx_HAL_Driver/Src/stm32wlxx_hal_dma_ex.c **** 
 131:Drivers/STM32WLxx_HAL_Driver/Src/stm32wlxx_hal_dma_ex.c ****     /* Return error status */
 132:Drivers/STM32WLxx_HAL_Driver/Src/stm32wlxx_hal_dma_ex.c ****     return HAL_ERROR;
 109              		.loc 1 132 12
 110 0074 0123     		movs	r3, #1
 111              	.L4:
 133:Drivers/STM32WLxx_HAL_Driver/Src/stm32wlxx_hal_dma_ex.c ****   }
 134:Drivers/STM32WLxx_HAL_Driver/Src/stm32wlxx_hal_dma_ex.c **** }
 112              		.loc 1 134 1
 113 0076 1846     		mov	r0, r3
 114 0078 0C37     		adds	r7, r7, #12
 115              	.LCFI3:
 116              		.cfi_def_cfa_offset 4
 117 007a BD46     		mov	sp, r7
 118              	.LCFI4:
 119              		.cfi_def_cfa_register 13
 120              		@ sp needed
 121 007c 80BC     		pop	{r7}
 122              	.LCFI5:
 123              		.cfi_restore 7
 124              		.cfi_def_cfa_offset 0
 125 007e 7047     		bx	lr
 126              		.cfi_endproc
 127              	.LFE844:
 129              		.section	.text.HAL_DMAEx_ConfigMuxRequestGenerator,"ax",%progbits
 130              		.align	1
 131              		.global	HAL_DMAEx_ConfigMuxRequestGenerator
 132              		.syntax unified
 133              		.thumb
 134              		.thumb_func
 136              	HAL_DMAEx_ConfigMuxRequestGenerator:
 137              	.LFB845:
 135:Drivers/STM32WLxx_HAL_Driver/Src/stm32wlxx_hal_dma_ex.c **** 
 136:Drivers/STM32WLxx_HAL_Driver/Src/stm32wlxx_hal_dma_ex.c **** /**
 137:Drivers/STM32WLxx_HAL_Driver/Src/stm32wlxx_hal_dma_ex.c ****   * @brief Configure the DMAMUX request generator block used by the given DMA channel (instance).
 138:Drivers/STM32WLxx_HAL_Driver/Src/stm32wlxx_hal_dma_ex.c ****   * @param hdma Pointer to a DMA_HandleTypeDef structure that contains
 139:Drivers/STM32WLxx_HAL_Driver/Src/stm32wlxx_hal_dma_ex.c ****   *             the configuration information for the specified DMA channel.
 140:Drivers/STM32WLxx_HAL_Driver/Src/stm32wlxx_hal_dma_ex.c ****   * @param pRequestGeneratorConfig Pointer to HAL_DMA_MuxRequestGeneratorConfigTypeDef
 141:Drivers/STM32WLxx_HAL_Driver/Src/stm32wlxx_hal_dma_ex.c ****   *                                contains the request generator parameters.
 142:Drivers/STM32WLxx_HAL_Driver/Src/stm32wlxx_hal_dma_ex.c ****   *
 143:Drivers/STM32WLxx_HAL_Driver/Src/stm32wlxx_hal_dma_ex.c ****   * @retval HAL status
 144:Drivers/STM32WLxx_HAL_Driver/Src/stm32wlxx_hal_dma_ex.c ****   */
 145:Drivers/STM32WLxx_HAL_Driver/Src/stm32wlxx_hal_dma_ex.c **** HAL_StatusTypeDef HAL_DMAEx_ConfigMuxRequestGenerator(DMA_HandleTypeDef *hdma, HAL_DMA_MuxRequestGe
 146:Drivers/STM32WLxx_HAL_Driver/Src/stm32wlxx_hal_dma_ex.c **** {
 138              		.loc 1 146 1
 139              		.cfi_startproc
 140              		@ args = 0, pretend = 0, frame = 16
 141              		@ frame_needed = 1, uses_anonymous_args = 0
 142              		@ link register save eliminated.
 143 0000 80B4     		push	{r7}
ARM GAS  C:\Users\Lenovo\AppData\Local\Temp\cceKai4B.s 			page 6


 144              	.LCFI6:
 145              		.cfi_def_cfa_offset 4
 146              		.cfi_offset 7, -4
 147 0002 85B0     		sub	sp, sp, #20
 148              	.LCFI7:
 149              		.cfi_def_cfa_offset 24
 150 0004 00AF     		add	r7, sp, #0
 151              	.LCFI8:
 152              		.cfi_def_cfa_register 7
 153 0006 7860     		str	r0, [r7, #4]
 154 0008 3960     		str	r1, [r7]
 147:Drivers/STM32WLxx_HAL_Driver/Src/stm32wlxx_hal_dma_ex.c ****   HAL_StatusTypeDef status;
 148:Drivers/STM32WLxx_HAL_Driver/Src/stm32wlxx_hal_dma_ex.c ****   HAL_DMA_StateTypeDef temp_state = hdma->State;
 155              		.loc 1 148 24
 156 000a 7B68     		ldr	r3, [r7, #4]
 157 000c 93F82530 		ldrb	r3, [r3, #37]
 158 0010 BB73     		strb	r3, [r7, #14]
 149:Drivers/STM32WLxx_HAL_Driver/Src/stm32wlxx_hal_dma_ex.c **** 
 150:Drivers/STM32WLxx_HAL_Driver/Src/stm32wlxx_hal_dma_ex.c ****   /* Check the parameters */
 151:Drivers/STM32WLxx_HAL_Driver/Src/stm32wlxx_hal_dma_ex.c ****   assert_param(IS_DMA_ALL_INSTANCE(hdma->Instance));
 152:Drivers/STM32WLxx_HAL_Driver/Src/stm32wlxx_hal_dma_ex.c **** 
 153:Drivers/STM32WLxx_HAL_Driver/Src/stm32wlxx_hal_dma_ex.c ****   assert_param(IS_DMAMUX_REQUEST_GEN_SIGNAL_ID(pRequestGeneratorConfig->SignalID));
 154:Drivers/STM32WLxx_HAL_Driver/Src/stm32wlxx_hal_dma_ex.c **** 
 155:Drivers/STM32WLxx_HAL_Driver/Src/stm32wlxx_hal_dma_ex.c ****   assert_param(IS_DMAMUX_REQUEST_GEN_POLARITY(pRequestGeneratorConfig->Polarity));
 156:Drivers/STM32WLxx_HAL_Driver/Src/stm32wlxx_hal_dma_ex.c ****   assert_param(IS_DMAMUX_REQUEST_GEN_REQUEST_NUMBER(pRequestGeneratorConfig->RequestNumber));
 157:Drivers/STM32WLxx_HAL_Driver/Src/stm32wlxx_hal_dma_ex.c **** 
 158:Drivers/STM32WLxx_HAL_Driver/Src/stm32wlxx_hal_dma_ex.c ****   /* check if the DMA state is ready
 159:Drivers/STM32WLxx_HAL_Driver/Src/stm32wlxx_hal_dma_ex.c ****      and DMA is using a DMAMUX request generator block
 160:Drivers/STM32WLxx_HAL_Driver/Src/stm32wlxx_hal_dma_ex.c ****   */
 161:Drivers/STM32WLxx_HAL_Driver/Src/stm32wlxx_hal_dma_ex.c ****   if (hdma->DMAmuxRequestGen == NULL)
 159              		.loc 1 161 11
 160 0012 7B68     		ldr	r3, [r7, #4]
 161 0014 5B6D     		ldr	r3, [r3, #84]
 162              		.loc 1 161 6
 163 0016 002B     		cmp	r3, #0
 164 0018 05D1     		bne	.L6
 162:Drivers/STM32WLxx_HAL_Driver/Src/stm32wlxx_hal_dma_ex.c ****   {
 163:Drivers/STM32WLxx_HAL_Driver/Src/stm32wlxx_hal_dma_ex.c ****     /* Set the error code to busy */
 164:Drivers/STM32WLxx_HAL_Driver/Src/stm32wlxx_hal_dma_ex.c ****     hdma->ErrorCode = HAL_DMA_ERROR_PARAM;
 165              		.loc 1 164 21
 166 001a 7B68     		ldr	r3, [r7, #4]
 167 001c 4022     		movs	r2, #64
 168 001e DA63     		str	r2, [r3, #60]
 165:Drivers/STM32WLxx_HAL_Driver/Src/stm32wlxx_hal_dma_ex.c **** 
 166:Drivers/STM32WLxx_HAL_Driver/Src/stm32wlxx_hal_dma_ex.c ****     /* error status */
 167:Drivers/STM32WLxx_HAL_Driver/Src/stm32wlxx_hal_dma_ex.c ****     status = HAL_ERROR;
 169              		.loc 1 167 12
 170 0020 0123     		movs	r3, #1
 171 0022 FB73     		strb	r3, [r7, #15]
 172 0024 2DE0     		b	.L7
 173              	.L6:
 168:Drivers/STM32WLxx_HAL_Driver/Src/stm32wlxx_hal_dma_ex.c ****   }
 169:Drivers/STM32WLxx_HAL_Driver/Src/stm32wlxx_hal_dma_ex.c ****   else if (((hdma->DMAmuxRequestGen->RGCR & DMAMUX_RGxCR_GE) == 0U) && (temp_state == HAL_DMA_STATE
 174              		.loc 1 169 18
 175 0026 7B68     		ldr	r3, [r7, #4]
 176 0028 5B6D     		ldr	r3, [r3, #84]
 177              		.loc 1 169 36
ARM GAS  C:\Users\Lenovo\AppData\Local\Temp\cceKai4B.s 			page 7


 178 002a 1B68     		ldr	r3, [r3]
 179              		.loc 1 169 43
 180 002c 03F48033 		and	r3, r3, #65536
 181              		.loc 1 169 11
 182 0030 002B     		cmp	r3, #0
 183 0032 21D1     		bne	.L8
 184              		.loc 1 169 69 discriminator 1
 185 0034 BB7B     		ldrb	r3, [r7, #14]	@ zero_extendqisi2
 186 0036 012B     		cmp	r3, #1
 187 0038 1ED1     		bne	.L8
 170:Drivers/STM32WLxx_HAL_Driver/Src/stm32wlxx_hal_dma_ex.c ****   {
 171:Drivers/STM32WLxx_HAL_Driver/Src/stm32wlxx_hal_dma_ex.c ****     /* RequestGenerator must be disable prior to the configuration i.e GE bit is 0 */
 172:Drivers/STM32WLxx_HAL_Driver/Src/stm32wlxx_hal_dma_ex.c **** 
 173:Drivers/STM32WLxx_HAL_Driver/Src/stm32wlxx_hal_dma_ex.c ****     /* Process Locked */
 174:Drivers/STM32WLxx_HAL_Driver/Src/stm32wlxx_hal_dma_ex.c ****     __HAL_LOCK(hdma);
 188              		.loc 1 174 5
 189 003a 7B68     		ldr	r3, [r7, #4]
 190 003c 93F82430 		ldrb	r3, [r3, #36]	@ zero_extendqisi2
 191 0040 012B     		cmp	r3, #1
 192 0042 01D1     		bne	.L9
 193              		.loc 1 174 5 is_stmt 0 discriminator 1
 194 0044 0223     		movs	r3, #2
 195 0046 1DE0     		b	.L10
 196              	.L9:
 197              		.loc 1 174 5 discriminator 2
 198 0048 7B68     		ldr	r3, [r7, #4]
 199 004a 0122     		movs	r2, #1
 200 004c 83F82420 		strb	r2, [r3, #36]
 175:Drivers/STM32WLxx_HAL_Driver/Src/stm32wlxx_hal_dma_ex.c **** 
 176:Drivers/STM32WLxx_HAL_Driver/Src/stm32wlxx_hal_dma_ex.c ****     /* Set the request generator new parameters*/
 177:Drivers/STM32WLxx_HAL_Driver/Src/stm32wlxx_hal_dma_ex.c ****     hdma->DMAmuxRequestGen->RGCR = pRequestGeneratorConfig->SignalID | \
 201              		.loc 1 177 59 is_stmt 1 discriminator 2
 202 0050 3B68     		ldr	r3, [r7]
 203 0052 1A68     		ldr	r2, [r3]
 178:Drivers/STM32WLxx_HAL_Driver/Src/stm32wlxx_hal_dma_ex.c ****                                    ((pRequestGeneratorConfig->RequestNumber - 1U) << DMAMUX_RGxCR_G
 204              		.loc 1 178 61 discriminator 2
 205 0054 3B68     		ldr	r3, [r7]
 206 0056 9B68     		ldr	r3, [r3, #8]
 207              		.loc 1 178 77 discriminator 2
 208 0058 013B     		subs	r3, r3, #1
 209              		.loc 1 178 83 discriminator 2
 210 005a DB04     		lsls	r3, r3, #19
 177:Drivers/STM32WLxx_HAL_Driver/Src/stm32wlxx_hal_dma_ex.c ****                                    ((pRequestGeneratorConfig->RequestNumber - 1U) << DMAMUX_RGxCR_G
 211              		.loc 1 177 70 discriminator 2
 212 005c 42EA0301 		orr	r1, r2, r3
 179:Drivers/STM32WLxx_HAL_Driver/Src/stm32wlxx_hal_dma_ex.c ****                                    pRequestGeneratorConfig->Polarity;
 213              		.loc 1 179 59 discriminator 2
 214 0060 3B68     		ldr	r3, [r7]
 215 0062 5A68     		ldr	r2, [r3, #4]
 177:Drivers/STM32WLxx_HAL_Driver/Src/stm32wlxx_hal_dma_ex.c ****                                    ((pRequestGeneratorConfig->RequestNumber - 1U) << DMAMUX_RGxCR_G
 216              		.loc 1 177 9 discriminator 2
 217 0064 7B68     		ldr	r3, [r7, #4]
 218 0066 5B6D     		ldr	r3, [r3, #84]
 178:Drivers/STM32WLxx_HAL_Driver/Src/stm32wlxx_hal_dma_ex.c ****                                    ((pRequestGeneratorConfig->RequestNumber - 1U) << DMAMUX_RGxCR_G
 219              		.loc 1 178 111 discriminator 2
 220 0068 0A43     		orrs	r2, r2, r1
 177:Drivers/STM32WLxx_HAL_Driver/Src/stm32wlxx_hal_dma_ex.c ****                                    ((pRequestGeneratorConfig->RequestNumber - 1U) << DMAMUX_RGxCR_G
ARM GAS  C:\Users\Lenovo\AppData\Local\Temp\cceKai4B.s 			page 8


 221              		.loc 1 177 34 discriminator 2
 222 006a 1A60     		str	r2, [r3]
 180:Drivers/STM32WLxx_HAL_Driver/Src/stm32wlxx_hal_dma_ex.c ****     /* Process UnLocked */
 181:Drivers/STM32WLxx_HAL_Driver/Src/stm32wlxx_hal_dma_ex.c ****     __HAL_UNLOCK(hdma);
 223              		.loc 1 181 5 discriminator 2
 224 006c 7B68     		ldr	r3, [r7, #4]
 225 006e 0022     		movs	r2, #0
 226 0070 83F82420 		strb	r2, [r3, #36]
 182:Drivers/STM32WLxx_HAL_Driver/Src/stm32wlxx_hal_dma_ex.c **** 
 183:Drivers/STM32WLxx_HAL_Driver/Src/stm32wlxx_hal_dma_ex.c ****     return HAL_OK;
 227              		.loc 1 183 12 discriminator 2
 228 0074 0023     		movs	r3, #0
 229 0076 05E0     		b	.L10
 230              	.L8:
 184:Drivers/STM32WLxx_HAL_Driver/Src/stm32wlxx_hal_dma_ex.c ****   }
 185:Drivers/STM32WLxx_HAL_Driver/Src/stm32wlxx_hal_dma_ex.c ****   else
 186:Drivers/STM32WLxx_HAL_Driver/Src/stm32wlxx_hal_dma_ex.c ****   {
 187:Drivers/STM32WLxx_HAL_Driver/Src/stm32wlxx_hal_dma_ex.c ****     /* Set the error code to busy */
 188:Drivers/STM32WLxx_HAL_Driver/Src/stm32wlxx_hal_dma_ex.c ****     hdma->ErrorCode = HAL_DMA_ERROR_BUSY;
 231              		.loc 1 188 21
 232 0078 7B68     		ldr	r3, [r7, #4]
 233 007a 8022     		movs	r2, #128
 234 007c DA63     		str	r2, [r3, #60]
 189:Drivers/STM32WLxx_HAL_Driver/Src/stm32wlxx_hal_dma_ex.c **** 
 190:Drivers/STM32WLxx_HAL_Driver/Src/stm32wlxx_hal_dma_ex.c ****     /* error status */
 191:Drivers/STM32WLxx_HAL_Driver/Src/stm32wlxx_hal_dma_ex.c ****     status = HAL_ERROR;
 235              		.loc 1 191 12
 236 007e 0123     		movs	r3, #1
 237 0080 FB73     		strb	r3, [r7, #15]
 238              	.L7:
 192:Drivers/STM32WLxx_HAL_Driver/Src/stm32wlxx_hal_dma_ex.c ****   }
 193:Drivers/STM32WLxx_HAL_Driver/Src/stm32wlxx_hal_dma_ex.c **** 
 194:Drivers/STM32WLxx_HAL_Driver/Src/stm32wlxx_hal_dma_ex.c ****   return status;
 239              		.loc 1 194 10
 240 0082 FB7B     		ldrb	r3, [r7, #15]	@ zero_extendqisi2
 241              	.L10:
 195:Drivers/STM32WLxx_HAL_Driver/Src/stm32wlxx_hal_dma_ex.c **** }
 242              		.loc 1 195 1
 243 0084 1846     		mov	r0, r3
 244 0086 1437     		adds	r7, r7, #20
 245              	.LCFI9:
 246              		.cfi_def_cfa_offset 4
 247 0088 BD46     		mov	sp, r7
 248              	.LCFI10:
 249              		.cfi_def_cfa_register 13
 250              		@ sp needed
 251 008a 80BC     		pop	{r7}
 252              	.LCFI11:
 253              		.cfi_restore 7
 254              		.cfi_def_cfa_offset 0
 255 008c 7047     		bx	lr
 256              		.cfi_endproc
 257              	.LFE845:
 259              		.section	.text.HAL_DMAEx_EnableMuxRequestGenerator,"ax",%progbits
 260              		.align	1
 261              		.global	HAL_DMAEx_EnableMuxRequestGenerator
 262              		.syntax unified
ARM GAS  C:\Users\Lenovo\AppData\Local\Temp\cceKai4B.s 			page 9


 263              		.thumb
 264              		.thumb_func
 266              	HAL_DMAEx_EnableMuxRequestGenerator:
 267              	.LFB846:
 196:Drivers/STM32WLxx_HAL_Driver/Src/stm32wlxx_hal_dma_ex.c **** 
 197:Drivers/STM32WLxx_HAL_Driver/Src/stm32wlxx_hal_dma_ex.c **** /**
 198:Drivers/STM32WLxx_HAL_Driver/Src/stm32wlxx_hal_dma_ex.c ****   * @brief Enable the DMAMUX request generator block used by the given DMA channel (instance).
 199:Drivers/STM32WLxx_HAL_Driver/Src/stm32wlxx_hal_dma_ex.c ****   * @param hdma Pointer to a DMA_HandleTypeDef structure that contains
 200:Drivers/STM32WLxx_HAL_Driver/Src/stm32wlxx_hal_dma_ex.c ****   *             the configuration information for the specified DMA channel.
 201:Drivers/STM32WLxx_HAL_Driver/Src/stm32wlxx_hal_dma_ex.c ****   * @retval HAL status
 202:Drivers/STM32WLxx_HAL_Driver/Src/stm32wlxx_hal_dma_ex.c ****   */
 203:Drivers/STM32WLxx_HAL_Driver/Src/stm32wlxx_hal_dma_ex.c **** HAL_StatusTypeDef HAL_DMAEx_EnableMuxRequestGenerator(DMA_HandleTypeDef *hdma)
 204:Drivers/STM32WLxx_HAL_Driver/Src/stm32wlxx_hal_dma_ex.c **** {
 268              		.loc 1 204 1
 269              		.cfi_startproc
 270              		@ args = 0, pretend = 0, frame = 8
 271              		@ frame_needed = 1, uses_anonymous_args = 0
 272              		@ link register save eliminated.
 273 0000 80B4     		push	{r7}
 274              	.LCFI12:
 275              		.cfi_def_cfa_offset 4
 276              		.cfi_offset 7, -4
 277 0002 83B0     		sub	sp, sp, #12
 278              	.LCFI13:
 279              		.cfi_def_cfa_offset 16
 280 0004 00AF     		add	r7, sp, #0
 281              	.LCFI14:
 282              		.cfi_def_cfa_register 7
 283 0006 7860     		str	r0, [r7, #4]
 205:Drivers/STM32WLxx_HAL_Driver/Src/stm32wlxx_hal_dma_ex.c ****   /* Check the parameters */
 206:Drivers/STM32WLxx_HAL_Driver/Src/stm32wlxx_hal_dma_ex.c ****   assert_param(IS_DMA_ALL_INSTANCE(hdma->Instance));
 207:Drivers/STM32WLxx_HAL_Driver/Src/stm32wlxx_hal_dma_ex.c **** 
 208:Drivers/STM32WLxx_HAL_Driver/Src/stm32wlxx_hal_dma_ex.c ****   /* check if the DMA state is ready
 209:Drivers/STM32WLxx_HAL_Driver/Src/stm32wlxx_hal_dma_ex.c ****      and DMA is using a DMAMUX request generator block
 210:Drivers/STM32WLxx_HAL_Driver/Src/stm32wlxx_hal_dma_ex.c ****   */
 211:Drivers/STM32WLxx_HAL_Driver/Src/stm32wlxx_hal_dma_ex.c ****   if ((hdma->State != HAL_DMA_STATE_RESET) && (hdma->DMAmuxRequestGen != 0))
 284              		.loc 1 211 12
 285 0008 7B68     		ldr	r3, [r7, #4]
 286 000a 93F82530 		ldrb	r3, [r3, #37]
 287 000e DBB2     		uxtb	r3, r3
 288              		.loc 1 211 6
 289 0010 002B     		cmp	r3, #0
 290 0012 0DD0     		beq	.L12
 291              		.loc 1 211 52 discriminator 1
 292 0014 7B68     		ldr	r3, [r7, #4]
 293 0016 5B6D     		ldr	r3, [r3, #84]
 294              		.loc 1 211 44 discriminator 1
 295 0018 002B     		cmp	r3, #0
 296 001a 09D0     		beq	.L12
 212:Drivers/STM32WLxx_HAL_Driver/Src/stm32wlxx_hal_dma_ex.c ****   {
 213:Drivers/STM32WLxx_HAL_Driver/Src/stm32wlxx_hal_dma_ex.c **** 
 214:Drivers/STM32WLxx_HAL_Driver/Src/stm32wlxx_hal_dma_ex.c ****     /* Enable the request generator*/
 215:Drivers/STM32WLxx_HAL_Driver/Src/stm32wlxx_hal_dma_ex.c ****     hdma->DMAmuxRequestGen->RGCR |= DMAMUX_RGxCR_GE;
 297              		.loc 1 215 9
 298 001c 7B68     		ldr	r3, [r7, #4]
 299 001e 5B6D     		ldr	r3, [r3, #84]
 300              		.loc 1 215 34
ARM GAS  C:\Users\Lenovo\AppData\Local\Temp\cceKai4B.s 			page 10


 301 0020 1A68     		ldr	r2, [r3]
 302              		.loc 1 215 9
 303 0022 7B68     		ldr	r3, [r7, #4]
 304 0024 5B6D     		ldr	r3, [r3, #84]
 305              		.loc 1 215 34
 306 0026 42F48032 		orr	r2, r2, #65536
 307 002a 1A60     		str	r2, [r3]
 216:Drivers/STM32WLxx_HAL_Driver/Src/stm32wlxx_hal_dma_ex.c **** 
 217:Drivers/STM32WLxx_HAL_Driver/Src/stm32wlxx_hal_dma_ex.c ****     return HAL_OK;
 308              		.loc 1 217 12
 309 002c 0023     		movs	r3, #0
 310 002e 00E0     		b	.L13
 311              	.L12:
 218:Drivers/STM32WLxx_HAL_Driver/Src/stm32wlxx_hal_dma_ex.c ****   }
 219:Drivers/STM32WLxx_HAL_Driver/Src/stm32wlxx_hal_dma_ex.c ****   else
 220:Drivers/STM32WLxx_HAL_Driver/Src/stm32wlxx_hal_dma_ex.c ****   {
 221:Drivers/STM32WLxx_HAL_Driver/Src/stm32wlxx_hal_dma_ex.c ****     return HAL_ERROR;
 312              		.loc 1 221 12
 313 0030 0123     		movs	r3, #1
 314              	.L13:
 222:Drivers/STM32WLxx_HAL_Driver/Src/stm32wlxx_hal_dma_ex.c ****   }
 223:Drivers/STM32WLxx_HAL_Driver/Src/stm32wlxx_hal_dma_ex.c **** }
 315              		.loc 1 223 1
 316 0032 1846     		mov	r0, r3
 317 0034 0C37     		adds	r7, r7, #12
 318              	.LCFI15:
 319              		.cfi_def_cfa_offset 4
 320 0036 BD46     		mov	sp, r7
 321              	.LCFI16:
 322              		.cfi_def_cfa_register 13
 323              		@ sp needed
 324 0038 80BC     		pop	{r7}
 325              	.LCFI17:
 326              		.cfi_restore 7
 327              		.cfi_def_cfa_offset 0
 328 003a 7047     		bx	lr
 329              		.cfi_endproc
 330              	.LFE846:
 332              		.section	.text.HAL_DMAEx_DisableMuxRequestGenerator,"ax",%progbits
 333              		.align	1
 334              		.global	HAL_DMAEx_DisableMuxRequestGenerator
 335              		.syntax unified
 336              		.thumb
 337              		.thumb_func
 339              	HAL_DMAEx_DisableMuxRequestGenerator:
 340              	.LFB847:
 224:Drivers/STM32WLxx_HAL_Driver/Src/stm32wlxx_hal_dma_ex.c **** 
 225:Drivers/STM32WLxx_HAL_Driver/Src/stm32wlxx_hal_dma_ex.c **** /**
 226:Drivers/STM32WLxx_HAL_Driver/Src/stm32wlxx_hal_dma_ex.c ****   * @brief Disable the DMAMUX request generator block used by the given DMA channel (instance).
 227:Drivers/STM32WLxx_HAL_Driver/Src/stm32wlxx_hal_dma_ex.c ****   * @param hdma Pointer to a DMA_HandleTypeDef structure that contains
 228:Drivers/STM32WLxx_HAL_Driver/Src/stm32wlxx_hal_dma_ex.c ****   *             the configuration information for the specified DMA channel.
 229:Drivers/STM32WLxx_HAL_Driver/Src/stm32wlxx_hal_dma_ex.c ****   * @retval HAL status
 230:Drivers/STM32WLxx_HAL_Driver/Src/stm32wlxx_hal_dma_ex.c ****   */
 231:Drivers/STM32WLxx_HAL_Driver/Src/stm32wlxx_hal_dma_ex.c **** HAL_StatusTypeDef HAL_DMAEx_DisableMuxRequestGenerator(DMA_HandleTypeDef *hdma)
 232:Drivers/STM32WLxx_HAL_Driver/Src/stm32wlxx_hal_dma_ex.c **** {
 341              		.loc 1 232 1
 342              		.cfi_startproc
ARM GAS  C:\Users\Lenovo\AppData\Local\Temp\cceKai4B.s 			page 11


 343              		@ args = 0, pretend = 0, frame = 8
 344              		@ frame_needed = 1, uses_anonymous_args = 0
 345              		@ link register save eliminated.
 346 0000 80B4     		push	{r7}
 347              	.LCFI18:
 348              		.cfi_def_cfa_offset 4
 349              		.cfi_offset 7, -4
 350 0002 83B0     		sub	sp, sp, #12
 351              	.LCFI19:
 352              		.cfi_def_cfa_offset 16
 353 0004 00AF     		add	r7, sp, #0
 354              	.LCFI20:
 355              		.cfi_def_cfa_register 7
 356 0006 7860     		str	r0, [r7, #4]
 233:Drivers/STM32WLxx_HAL_Driver/Src/stm32wlxx_hal_dma_ex.c ****   /* Check the parameters */
 234:Drivers/STM32WLxx_HAL_Driver/Src/stm32wlxx_hal_dma_ex.c ****   assert_param(IS_DMA_ALL_INSTANCE(hdma->Instance));
 235:Drivers/STM32WLxx_HAL_Driver/Src/stm32wlxx_hal_dma_ex.c **** 
 236:Drivers/STM32WLxx_HAL_Driver/Src/stm32wlxx_hal_dma_ex.c ****   /* check if the DMA state is ready
 237:Drivers/STM32WLxx_HAL_Driver/Src/stm32wlxx_hal_dma_ex.c ****      and DMA is using a DMAMUX request generator block
 238:Drivers/STM32WLxx_HAL_Driver/Src/stm32wlxx_hal_dma_ex.c ****   */
 239:Drivers/STM32WLxx_HAL_Driver/Src/stm32wlxx_hal_dma_ex.c ****   if ((hdma->State != HAL_DMA_STATE_RESET) && (hdma->DMAmuxRequestGen != 0))
 357              		.loc 1 239 12
 358 0008 7B68     		ldr	r3, [r7, #4]
 359 000a 93F82530 		ldrb	r3, [r3, #37]
 360 000e DBB2     		uxtb	r3, r3
 361              		.loc 1 239 6
 362 0010 002B     		cmp	r3, #0
 363 0012 0DD0     		beq	.L15
 364              		.loc 1 239 52 discriminator 1
 365 0014 7B68     		ldr	r3, [r7, #4]
 366 0016 5B6D     		ldr	r3, [r3, #84]
 367              		.loc 1 239 44 discriminator 1
 368 0018 002B     		cmp	r3, #0
 369 001a 09D0     		beq	.L15
 240:Drivers/STM32WLxx_HAL_Driver/Src/stm32wlxx_hal_dma_ex.c ****   {
 241:Drivers/STM32WLxx_HAL_Driver/Src/stm32wlxx_hal_dma_ex.c **** 
 242:Drivers/STM32WLxx_HAL_Driver/Src/stm32wlxx_hal_dma_ex.c ****     /* Disable the request generator*/
 243:Drivers/STM32WLxx_HAL_Driver/Src/stm32wlxx_hal_dma_ex.c ****     hdma->DMAmuxRequestGen->RGCR &= ~DMAMUX_RGxCR_GE;
 370              		.loc 1 243 9
 371 001c 7B68     		ldr	r3, [r7, #4]
 372 001e 5B6D     		ldr	r3, [r3, #84]
 373              		.loc 1 243 34
 374 0020 1A68     		ldr	r2, [r3]
 375              		.loc 1 243 9
 376 0022 7B68     		ldr	r3, [r7, #4]
 377 0024 5B6D     		ldr	r3, [r3, #84]
 378              		.loc 1 243 34
 379 0026 22F48032 		bic	r2, r2, #65536
 380 002a 1A60     		str	r2, [r3]
 244:Drivers/STM32WLxx_HAL_Driver/Src/stm32wlxx_hal_dma_ex.c **** 
 245:Drivers/STM32WLxx_HAL_Driver/Src/stm32wlxx_hal_dma_ex.c ****     return HAL_OK;
 381              		.loc 1 245 12
 382 002c 0023     		movs	r3, #0
 383 002e 00E0     		b	.L16
 384              	.L15:
 246:Drivers/STM32WLxx_HAL_Driver/Src/stm32wlxx_hal_dma_ex.c ****   }
 247:Drivers/STM32WLxx_HAL_Driver/Src/stm32wlxx_hal_dma_ex.c ****   else
ARM GAS  C:\Users\Lenovo\AppData\Local\Temp\cceKai4B.s 			page 12


 248:Drivers/STM32WLxx_HAL_Driver/Src/stm32wlxx_hal_dma_ex.c ****   {
 249:Drivers/STM32WLxx_HAL_Driver/Src/stm32wlxx_hal_dma_ex.c ****     return HAL_ERROR;
 385              		.loc 1 249 12
 386 0030 0123     		movs	r3, #1
 387              	.L16:
 250:Drivers/STM32WLxx_HAL_Driver/Src/stm32wlxx_hal_dma_ex.c ****   }
 251:Drivers/STM32WLxx_HAL_Driver/Src/stm32wlxx_hal_dma_ex.c **** }
 388              		.loc 1 251 1
 389 0032 1846     		mov	r0, r3
 390 0034 0C37     		adds	r7, r7, #12
 391              	.LCFI21:
 392              		.cfi_def_cfa_offset 4
 393 0036 BD46     		mov	sp, r7
 394              	.LCFI22:
 395              		.cfi_def_cfa_register 13
 396              		@ sp needed
 397 0038 80BC     		pop	{r7}
 398              	.LCFI23:
 399              		.cfi_restore 7
 400              		.cfi_def_cfa_offset 0
 401 003a 7047     		bx	lr
 402              		.cfi_endproc
 403              	.LFE847:
 405              		.section	.text.HAL_DMAEx_MUX_IRQHandler,"ax",%progbits
 406              		.align	1
 407              		.global	HAL_DMAEx_MUX_IRQHandler
 408              		.syntax unified
 409              		.thumb
 410              		.thumb_func
 412              	HAL_DMAEx_MUX_IRQHandler:
 413              	.LFB848:
 252:Drivers/STM32WLxx_HAL_Driver/Src/stm32wlxx_hal_dma_ex.c **** 
 253:Drivers/STM32WLxx_HAL_Driver/Src/stm32wlxx_hal_dma_ex.c **** /**
 254:Drivers/STM32WLxx_HAL_Driver/Src/stm32wlxx_hal_dma_ex.c ****   * @brief Handles DMAMUX interrupt request.
 255:Drivers/STM32WLxx_HAL_Driver/Src/stm32wlxx_hal_dma_ex.c ****   * @param hdma Pointer to a DMA_HandleTypeDef structure that contains
 256:Drivers/STM32WLxx_HAL_Driver/Src/stm32wlxx_hal_dma_ex.c ****   *             the configuration information for the specified DMA channel.
 257:Drivers/STM32WLxx_HAL_Driver/Src/stm32wlxx_hal_dma_ex.c ****   * @retval None
 258:Drivers/STM32WLxx_HAL_Driver/Src/stm32wlxx_hal_dma_ex.c ****   */
 259:Drivers/STM32WLxx_HAL_Driver/Src/stm32wlxx_hal_dma_ex.c **** void HAL_DMAEx_MUX_IRQHandler(DMA_HandleTypeDef *hdma)
 260:Drivers/STM32WLxx_HAL_Driver/Src/stm32wlxx_hal_dma_ex.c **** {
 414              		.loc 1 260 1
 415              		.cfi_startproc
 416              		@ args = 0, pretend = 0, frame = 8
 417              		@ frame_needed = 1, uses_anonymous_args = 0
 418 0000 80B5     		push	{r7, lr}
 419              	.LCFI24:
 420              		.cfi_def_cfa_offset 8
 421              		.cfi_offset 7, -8
 422              		.cfi_offset 14, -4
 423 0002 82B0     		sub	sp, sp, #8
 424              	.LCFI25:
 425              		.cfi_def_cfa_offset 16
 426 0004 00AF     		add	r7, sp, #0
 427              	.LCFI26:
 428              		.cfi_def_cfa_register 7
 429 0006 7860     		str	r0, [r7, #4]
 261:Drivers/STM32WLxx_HAL_Driver/Src/stm32wlxx_hal_dma_ex.c ****   /* Check for DMAMUX Synchronization overrun */
ARM GAS  C:\Users\Lenovo\AppData\Local\Temp\cceKai4B.s 			page 13


 262:Drivers/STM32WLxx_HAL_Driver/Src/stm32wlxx_hal_dma_ex.c ****   if ((hdma->DMAmuxChannelStatus->CSR & hdma->DMAmuxChannelStatusMask) != 0U)
 430              		.loc 1 262 12
 431 0008 7B68     		ldr	r3, [r7, #4]
 432 000a DB6C     		ldr	r3, [r3, #76]
 433              		.loc 1 262 33
 434 000c 1A68     		ldr	r2, [r3]
 435              		.loc 1 262 45
 436 000e 7B68     		ldr	r3, [r7, #4]
 437 0010 1B6D     		ldr	r3, [r3, #80]
 438              		.loc 1 262 39
 439 0012 1340     		ands	r3, r3, r2
 440              		.loc 1 262 6
 441 0014 002B     		cmp	r3, #0
 442 0016 1AD0     		beq	.L18
 263:Drivers/STM32WLxx_HAL_Driver/Src/stm32wlxx_hal_dma_ex.c ****   {
 264:Drivers/STM32WLxx_HAL_Driver/Src/stm32wlxx_hal_dma_ex.c ****     /* Disable the synchro overrun interrupt */
 265:Drivers/STM32WLxx_HAL_Driver/Src/stm32wlxx_hal_dma_ex.c ****     hdma->DMAmuxChannel->CCR &= ~DMAMUX_CxCR_SOIE;
 443              		.loc 1 265 9
 444 0018 7B68     		ldr	r3, [r7, #4]
 445 001a 9B6C     		ldr	r3, [r3, #72]
 446              		.loc 1 265 30
 447 001c 1A68     		ldr	r2, [r3]
 448              		.loc 1 265 9
 449 001e 7B68     		ldr	r3, [r7, #4]
 450 0020 9B6C     		ldr	r3, [r3, #72]
 451              		.loc 1 265 30
 452 0022 22F48072 		bic	r2, r2, #256
 453 0026 1A60     		str	r2, [r3]
 266:Drivers/STM32WLxx_HAL_Driver/Src/stm32wlxx_hal_dma_ex.c **** 
 267:Drivers/STM32WLxx_HAL_Driver/Src/stm32wlxx_hal_dma_ex.c ****     /* Clear the DMAMUX synchro overrun flag */
 268:Drivers/STM32WLxx_HAL_Driver/Src/stm32wlxx_hal_dma_ex.c ****     hdma->DMAmuxChannelStatus->CFR = hdma->DMAmuxChannelStatusMask;
 454              		.loc 1 268 9
 455 0028 7B68     		ldr	r3, [r7, #4]
 456 002a DB6C     		ldr	r3, [r3, #76]
 457              		.loc 1 268 42
 458 002c 7A68     		ldr	r2, [r7, #4]
 459 002e 126D     		ldr	r2, [r2, #80]
 460              		.loc 1 268 36
 461 0030 5A60     		str	r2, [r3, #4]
 269:Drivers/STM32WLxx_HAL_Driver/Src/stm32wlxx_hal_dma_ex.c **** 
 270:Drivers/STM32WLxx_HAL_Driver/Src/stm32wlxx_hal_dma_ex.c ****     /* Update error code */
 271:Drivers/STM32WLxx_HAL_Driver/Src/stm32wlxx_hal_dma_ex.c ****     hdma->ErrorCode |= HAL_DMA_ERROR_SYNC;
 462              		.loc 1 271 21
 463 0032 7B68     		ldr	r3, [r7, #4]
 464 0034 DB6B     		ldr	r3, [r3, #60]
 465 0036 43F40072 		orr	r2, r3, #512
 466 003a 7B68     		ldr	r3, [r7, #4]
 467 003c DA63     		str	r2, [r3, #60]
 272:Drivers/STM32WLxx_HAL_Driver/Src/stm32wlxx_hal_dma_ex.c **** 
 273:Drivers/STM32WLxx_HAL_Driver/Src/stm32wlxx_hal_dma_ex.c ****     if (hdma->XferErrorCallback != NULL)
 468              		.loc 1 273 13
 469 003e 7B68     		ldr	r3, [r7, #4]
 470 0040 5B6B     		ldr	r3, [r3, #52]
 471              		.loc 1 273 8
 472 0042 002B     		cmp	r3, #0
 473 0044 03D0     		beq	.L18
 274:Drivers/STM32WLxx_HAL_Driver/Src/stm32wlxx_hal_dma_ex.c ****     {
ARM GAS  C:\Users\Lenovo\AppData\Local\Temp\cceKai4B.s 			page 14


 275:Drivers/STM32WLxx_HAL_Driver/Src/stm32wlxx_hal_dma_ex.c ****       /* Transfer error callback */
 276:Drivers/STM32WLxx_HAL_Driver/Src/stm32wlxx_hal_dma_ex.c ****       hdma->XferErrorCallback(hdma);
 474              		.loc 1 276 11
 475 0046 7B68     		ldr	r3, [r7, #4]
 476 0048 5B6B     		ldr	r3, [r3, #52]
 477              		.loc 1 276 7
 478 004a 7868     		ldr	r0, [r7, #4]
 479 004c 9847     		blx	r3
 480              	.LVL0:
 481              	.L18:
 277:Drivers/STM32WLxx_HAL_Driver/Src/stm32wlxx_hal_dma_ex.c ****     }
 278:Drivers/STM32WLxx_HAL_Driver/Src/stm32wlxx_hal_dma_ex.c ****   }
 279:Drivers/STM32WLxx_HAL_Driver/Src/stm32wlxx_hal_dma_ex.c **** 
 280:Drivers/STM32WLxx_HAL_Driver/Src/stm32wlxx_hal_dma_ex.c ****   if (hdma->DMAmuxRequestGen != 0)
 482              		.loc 1 280 11
 483 004e 7B68     		ldr	r3, [r7, #4]
 484 0050 5B6D     		ldr	r3, [r3, #84]
 485              		.loc 1 280 6
 486 0052 002B     		cmp	r3, #0
 487 0054 22D0     		beq	.L20
 281:Drivers/STM32WLxx_HAL_Driver/Src/stm32wlxx_hal_dma_ex.c ****   {
 282:Drivers/STM32WLxx_HAL_Driver/Src/stm32wlxx_hal_dma_ex.c ****     /* if using a DMAMUX request generator block Check for DMAMUX request generator overrun */
 283:Drivers/STM32WLxx_HAL_Driver/Src/stm32wlxx_hal_dma_ex.c ****     if ((hdma->DMAmuxRequestGenStatus->RGSR & hdma->DMAmuxRequestGenStatusMask) != 0U)
 488              		.loc 1 283 14
 489 0056 7B68     		ldr	r3, [r7, #4]
 490 0058 9B6D     		ldr	r3, [r3, #88]
 491              		.loc 1 283 38
 492 005a 1A68     		ldr	r2, [r3]
 493              		.loc 1 283 51
 494 005c 7B68     		ldr	r3, [r7, #4]
 495 005e DB6D     		ldr	r3, [r3, #92]
 496              		.loc 1 283 45
 497 0060 1340     		ands	r3, r3, r2
 498              		.loc 1 283 8
 499 0062 002B     		cmp	r3, #0
 500 0064 1AD0     		beq	.L20
 284:Drivers/STM32WLxx_HAL_Driver/Src/stm32wlxx_hal_dma_ex.c ****     {
 285:Drivers/STM32WLxx_HAL_Driver/Src/stm32wlxx_hal_dma_ex.c ****       /* Disable the request gen overrun interrupt */
 286:Drivers/STM32WLxx_HAL_Driver/Src/stm32wlxx_hal_dma_ex.c ****       hdma->DMAmuxRequestGen->RGCR &= ~DMAMUX_RGxCR_OIE;
 501              		.loc 1 286 11
 502 0066 7B68     		ldr	r3, [r7, #4]
 503 0068 5B6D     		ldr	r3, [r3, #84]
 504              		.loc 1 286 36
 505 006a 1A68     		ldr	r2, [r3]
 506              		.loc 1 286 11
 507 006c 7B68     		ldr	r3, [r7, #4]
 508 006e 5B6D     		ldr	r3, [r3, #84]
 509              		.loc 1 286 36
 510 0070 22F48072 		bic	r2, r2, #256
 511 0074 1A60     		str	r2, [r3]
 287:Drivers/STM32WLxx_HAL_Driver/Src/stm32wlxx_hal_dma_ex.c **** 
 288:Drivers/STM32WLxx_HAL_Driver/Src/stm32wlxx_hal_dma_ex.c ****       /* Clear the DMAMUX request generator overrun flag */
 289:Drivers/STM32WLxx_HAL_Driver/Src/stm32wlxx_hal_dma_ex.c ****       hdma->DMAmuxRequestGenStatus->RGCFR = hdma->DMAmuxRequestGenStatusMask;
 512              		.loc 1 289 11
 513 0076 7B68     		ldr	r3, [r7, #4]
 514 0078 9B6D     		ldr	r3, [r3, #88]
 515              		.loc 1 289 49
ARM GAS  C:\Users\Lenovo\AppData\Local\Temp\cceKai4B.s 			page 15


 516 007a 7A68     		ldr	r2, [r7, #4]
 517 007c D26D     		ldr	r2, [r2, #92]
 518              		.loc 1 289 43
 519 007e 5A60     		str	r2, [r3, #4]
 290:Drivers/STM32WLxx_HAL_Driver/Src/stm32wlxx_hal_dma_ex.c **** 
 291:Drivers/STM32WLxx_HAL_Driver/Src/stm32wlxx_hal_dma_ex.c ****       /* Update error code */
 292:Drivers/STM32WLxx_HAL_Driver/Src/stm32wlxx_hal_dma_ex.c ****       hdma->ErrorCode |= HAL_DMA_ERROR_REQGEN;
 520              		.loc 1 292 23
 521 0080 7B68     		ldr	r3, [r7, #4]
 522 0082 DB6B     		ldr	r3, [r3, #60]
 523 0084 43F48062 		orr	r2, r3, #1024
 524 0088 7B68     		ldr	r3, [r7, #4]
 525 008a DA63     		str	r2, [r3, #60]
 293:Drivers/STM32WLxx_HAL_Driver/Src/stm32wlxx_hal_dma_ex.c **** 
 294:Drivers/STM32WLxx_HAL_Driver/Src/stm32wlxx_hal_dma_ex.c ****       if (hdma->XferErrorCallback != NULL)
 526              		.loc 1 294 15
 527 008c 7B68     		ldr	r3, [r7, #4]
 528 008e 5B6B     		ldr	r3, [r3, #52]
 529              		.loc 1 294 10
 530 0090 002B     		cmp	r3, #0
 531 0092 03D0     		beq	.L20
 295:Drivers/STM32WLxx_HAL_Driver/Src/stm32wlxx_hal_dma_ex.c ****       {
 296:Drivers/STM32WLxx_HAL_Driver/Src/stm32wlxx_hal_dma_ex.c ****         /* Transfer error callback */
 297:Drivers/STM32WLxx_HAL_Driver/Src/stm32wlxx_hal_dma_ex.c ****         hdma->XferErrorCallback(hdma);
 532              		.loc 1 297 13
 533 0094 7B68     		ldr	r3, [r7, #4]
 534 0096 5B6B     		ldr	r3, [r3, #52]
 535              		.loc 1 297 9
 536 0098 7868     		ldr	r0, [r7, #4]
 537 009a 9847     		blx	r3
 538              	.LVL1:
 539              	.L20:
 298:Drivers/STM32WLxx_HAL_Driver/Src/stm32wlxx_hal_dma_ex.c ****       }
 299:Drivers/STM32WLxx_HAL_Driver/Src/stm32wlxx_hal_dma_ex.c ****     }
 300:Drivers/STM32WLxx_HAL_Driver/Src/stm32wlxx_hal_dma_ex.c ****   }
 301:Drivers/STM32WLxx_HAL_Driver/Src/stm32wlxx_hal_dma_ex.c **** }
 540              		.loc 1 301 1
 541 009c 00BF     		nop
 542 009e 0837     		adds	r7, r7, #8
 543              	.LCFI27:
 544              		.cfi_def_cfa_offset 8
 545 00a0 BD46     		mov	sp, r7
 546              	.LCFI28:
 547              		.cfi_def_cfa_register 13
 548              		@ sp needed
 549 00a2 80BD     		pop	{r7, pc}
 550              		.cfi_endproc
 551              	.LFE848:
 553              		.text
 554              	.Letext0:
 555              		.file 2 "d:\\zodhya projects\\technical doccuments\\stm32_vscode_make\\tools\\gcc-arm-none-eabi-10
 556              		.file 3 "d:\\zodhya projects\\technical doccuments\\stm32_vscode_make\\tools\\gcc-arm-none-eabi-10
 557              		.file 4 "Drivers/CMSIS/Device/ST/STM32WLxx/Include/stm32wl55xx.h"
 558              		.file 5 "Drivers/CMSIS/Device/ST/STM32WLxx/Include/stm32wlxx.h"
 559              		.file 6 "Drivers/STM32WLxx_HAL_Driver/Inc/stm32wlxx_hal_def.h"
 560              		.file 7 "Drivers/STM32WLxx_HAL_Driver/Inc/stm32wlxx_hal_dma.h"
 561              		.file 8 "Drivers/STM32WLxx_HAL_Driver/Inc/stm32wlxx_hal_dma_ex.h"
ARM GAS  C:\Users\Lenovo\AppData\Local\Temp\cceKai4B.s 			page 16


 562              		.file 9 "Drivers/STM32WLxx_HAL_Driver/Inc/stm32wlxx_ll_dma.h"
ARM GAS  C:\Users\Lenovo\AppData\Local\Temp\cceKai4B.s 			page 17


DEFINED SYMBOLS
                            *ABS*:00000000 stm32wlxx_hal_dma_ex.c
C:\Users\Lenovo\AppData\Local\Temp\cceKai4B.s:18     .rodata.CHANNEL_OFFSET_TAB:00000000 $d
C:\Users\Lenovo\AppData\Local\Temp\cceKai4B.s:21     .rodata.CHANNEL_OFFSET_TAB:00000000 CHANNEL_OFFSET_TAB
C:\Users\Lenovo\AppData\Local\Temp\cceKai4B.s:24     .text.HAL_DMAEx_ConfigMuxSync:00000000 $t
C:\Users\Lenovo\AppData\Local\Temp\cceKai4B.s:30     .text.HAL_DMAEx_ConfigMuxSync:00000000 HAL_DMAEx_ConfigMuxSync
C:\Users\Lenovo\AppData\Local\Temp\cceKai4B.s:130    .text.HAL_DMAEx_ConfigMuxRequestGenerator:00000000 $t
C:\Users\Lenovo\AppData\Local\Temp\cceKai4B.s:136    .text.HAL_DMAEx_ConfigMuxRequestGenerator:00000000 HAL_DMAEx_ConfigMuxRequestGenerator
C:\Users\Lenovo\AppData\Local\Temp\cceKai4B.s:260    .text.HAL_DMAEx_EnableMuxRequestGenerator:00000000 $t
C:\Users\Lenovo\AppData\Local\Temp\cceKai4B.s:266    .text.HAL_DMAEx_EnableMuxRequestGenerator:00000000 HAL_DMAEx_EnableMuxRequestGenerator
C:\Users\Lenovo\AppData\Local\Temp\cceKai4B.s:333    .text.HAL_DMAEx_DisableMuxRequestGenerator:00000000 $t
C:\Users\Lenovo\AppData\Local\Temp\cceKai4B.s:339    .text.HAL_DMAEx_DisableMuxRequestGenerator:00000000 HAL_DMAEx_DisableMuxRequestGenerator
C:\Users\Lenovo\AppData\Local\Temp\cceKai4B.s:406    .text.HAL_DMAEx_MUX_IRQHandler:00000000 $t
C:\Users\Lenovo\AppData\Local\Temp\cceKai4B.s:412    .text.HAL_DMAEx_MUX_IRQHandler:00000000 HAL_DMAEx_MUX_IRQHandler

NO UNDEFINED SYMBOLS
